2023-02-01 20:03:08.656  INFO 27528 --- [restartedMain] c.c.o.OnlinePlantApp2Application         : Starting OnlinePlantApp2Application using Java 17.0.5 on INLEN8520069525 with PID 27528 (C:\MySpringBootWork\OnlinePlantApp2\bin\main started by keejanga in C:\MySpringBootWork\OnlinePlantApp2)
2023-02-01 20:03:08.657  INFO 27528 --- [restartedMain] c.c.o.OnlinePlantApp2Application         : No active profile set, falling back to 1 default profile: "default"
2023-02-01 20:03:09.804  INFO 27528 --- [restartedMain] o.apache.catalina.core.StandardService   : Starting service [Tomcat]
2023-02-01 20:03:09.804  INFO 27528 --- [restartedMain] org.apache.catalina.core.StandardEngine  : Starting Servlet engine: [Apache Tomcat/9.0.71]
2023-02-01 20:03:09.868  INFO 27528 --- [restartedMain] o.a.c.c.C.[Tomcat].[localhost].[/]       : Initializing Spring embedded WebApplicationContext
2023-02-01 20:03:10.050  INFO 27528 --- [restartedMain] o.hibernate.jpa.internal.util.LogHelper  : HHH000204: Processing PersistenceUnitInfo [name: default]
2023-02-01 20:03:10.117  INFO 27528 --- [restartedMain] org.hibernate.Version                    : HHH000412: Hibernate ORM core version 5.6.14.Final
2023-02-01 20:03:10.267  INFO 27528 --- [restartedMain] o.hibernate.annotations.common.Version   : HCANN000001: Hibernate Commons Annotations {5.1.2.Final}
2023-02-01 20:03:10.347  INFO 27528 --- [restartedMain] com.zaxxer.hikari.HikariDataSource       : HikariPool-1 - Starting...
2023-02-01 20:03:10.572  INFO 27528 --- [restartedMain] com.zaxxer.hikari.HikariDataSource       : HikariPool-1 - Start completed.
2023-02-01 20:03:10.602  INFO 27528 --- [restartedMain] org.hibernate.dialect.Dialect            : HHH000400: Using dialect: org.hibernate.dialect.PostgreSQLDialect
2023-02-01 20:03:11.070  WARN 27528 --- [restartedMain] o.h.engine.jdbc.spi.SqlExceptionHelper   : SQL Warning Code: 0, SQLState: 00000
2023-02-01 20:03:11.070  WARN 27528 --- [restartedMain] o.h.engine.jdbc.spi.SqlExceptionHelper   : table "plant" does not exist, skipping
2023-02-01 20:03:11.095  INFO 27528 --- [restartedMain] o.h.e.t.j.p.i.JtaPlatformInitiator       : HHH000490: Using JtaPlatform implementation: [org.hibernate.engine.transaction.jta.platform.internal.NoJtaPlatform]
2023-02-01 20:03:11.452  WARN 27528 --- [restartedMain] ConfigServletWebServerApplicationContext : Exception encountered during context initialization - cancelling refresh attempt: org.springframework.beans.factory.UnsatisfiedDependencyException: Error creating bean with name 'plantController': Unsatisfied dependency expressed through field 'plantService'; nested exception is org.springframework.beans.factory.UnsatisfiedDependencyException: Error creating bean with name 'plantServiceImpl': Unsatisfied dependency expressed through field 'plantRepo'; nested exception is org.springframework.beans.factory.BeanCreationException: Error creating bean with name 'IPlantRepository' defined in com.cg.onlineplantnursery.plant.repository.IPlantRepository defined in @EnableJpaRepositories declared on JpaRepositoriesRegistrar.EnableJpaRepositoriesConfiguration: Invocation of init method failed; nested exception is org.springframework.data.repository.query.QueryCreationException: Could not create query for public abstract java.util.List com.cg.onlineplantnursery.plant.repository.IPlantRepository.getAllPlantsByTypeOfPlants(java.lang.String); Reason: Failed to create query for method public abstract java.util.List com.cg.onlineplantnursery.plant.repository.IPlantRepository.getAllPlantsByTypeOfPlants(java.lang.String)! No property 'typeOfPlants' found for type 'Plant'; Did you mean 'typeOfPlant'; nested exception is java.lang.IllegalArgumentException: Failed to create query for method public abstract java.util.List com.cg.onlineplantnursery.plant.repository.IPlantRepository.getAllPlantsByTypeOfPlants(java.lang.String)! No property 'typeOfPlants' found for type 'Plant'; Did you mean 'typeOfPlant'
2023-02-01 20:03:11.455  INFO 27528 --- [restartedMain] com.zaxxer.hikari.HikariDataSource       : HikariPool-1 - Shutdown initiated...
2023-02-01 20:03:11.534  INFO 27528 --- [restartedMain] com.zaxxer.hikari.HikariDataSource       : HikariPool-1 - Shutdown completed.
2023-02-01 20:03:11.537  INFO 27528 --- [restartedMain] o.apache.catalina.core.StandardService   : Stopping service [Tomcat]
2023-02-01 20:03:11.587 ERROR 27528 --- [restartedMain] o.s.boot.SpringApplication               : Application run failed

org.springframework.beans.factory.UnsatisfiedDependencyException: Error creating bean with name 'plantController': Unsatisfied dependency expressed through field 'plantService'; nested exception is org.springframework.beans.factory.UnsatisfiedDependencyException: Error creating bean with name 'plantServiceImpl': Unsatisfied dependency expressed through field 'plantRepo'; nested exception is org.springframework.beans.factory.BeanCreationException: Error creating bean with name 'IPlantRepository' defined in com.cg.onlineplantnursery.plant.repository.IPlantRepository defined in @EnableJpaRepositories declared on JpaRepositoriesRegistrar.EnableJpaRepositoriesConfiguration: Invocation of init method failed; nested exception is org.springframework.data.repository.query.QueryCreationException: Could not create query for public abstract java.util.List com.cg.onlineplantnursery.plant.repository.IPlantRepository.getAllPlantsByTypeOfPlants(java.lang.String); Reason: Failed to create query for method public abstract java.util.List com.cg.onlineplantnursery.plant.repository.IPlantRepository.getAllPlantsByTypeOfPlants(java.lang.String)! No property 'typeOfPlants' found for type 'Plant'; Did you mean 'typeOfPlant'; nested exception is java.lang.IllegalArgumentException: Failed to create query for method public abstract java.util.List com.cg.onlineplantnursery.plant.repository.IPlantRepository.getAllPlantsByTypeOfPlants(java.lang.String)! No property 'typeOfPlants' found for type 'Plant'; Did you mean 'typeOfPlant'
	at org.springframework.beans.factory.annotation.AutowiredAnnotationBeanPostProcessor$AutowiredFieldElement.resolveFieldValue(AutowiredAnnotationBeanPostProcessor.java:660) ~[spring-beans-5.3.25.jar:5.3.25]
	at org.springframework.beans.factory.annotation.AutowiredAnnotationBeanPostProcessor$AutowiredFieldElement.inject(AutowiredAnnotationBeanPostProcessor.java:640) ~[spring-beans-5.3.25.jar:5.3.25]
	at org.springframework.beans.factory.annotation.InjectionMetadata.inject(InjectionMetadata.java:119) ~[spring-beans-5.3.25.jar:5.3.25]
	at org.springframework.beans.factory.annotation.AutowiredAnnotationBeanPostProcessor.postProcessProperties(AutowiredAnnotationBeanPostProcessor.java:399) ~[spring-beans-5.3.25.jar:5.3.25]
	at org.springframework.beans.factory.support.AbstractAutowireCapableBeanFactory.populateBean(AbstractAutowireCapableBeanFactory.java:1431) ~[spring-beans-5.3.25.jar:5.3.25]
	at org.springframework.beans.factory.support.AbstractAutowireCapableBeanFactory.doCreateBean(AbstractAutowireCapableBeanFactory.java:619) ~[spring-beans-5.3.25.jar:5.3.25]
	at org.springframework.beans.factory.support.AbstractAutowireCapableBeanFactory.createBean(AbstractAutowireCapableBeanFactory.java:542) ~[spring-beans-5.3.25.jar:5.3.25]
	at org.springframework.beans.factory.support.AbstractBeanFactory.lambda$doGetBean$0(AbstractBeanFactory.java:335) ~[spring-beans-5.3.25.jar:5.3.25]
	at org.springframework.beans.factory.support.DefaultSingletonBeanRegistry.getSingleton(DefaultSingletonBeanRegistry.java:234) ~[spring-beans-5.3.25.jar:5.3.25]
	at org.springframework.beans.factory.support.AbstractBeanFactory.doGetBean(AbstractBeanFactory.java:333) ~[spring-beans-5.3.25.jar:5.3.25]
	at org.springframework.beans.factory.support.AbstractBeanFactory.getBean(AbstractBeanFactory.java:208) ~[spring-beans-5.3.25.jar:5.3.25]
	at org.springframework.beans.factory.support.DefaultListableBeanFactory.preInstantiateSingletons(DefaultListableBeanFactory.java:955) ~[spring-beans-5.3.25.jar:5.3.25]
	at org.springframework.context.support.AbstractApplicationContext.finishBeanFactoryInitialization(AbstractApplicationContext.java:918) ~[spring-context-5.3.25.jar:5.3.25]
	at org.springframework.context.support.AbstractApplicationContext.refresh(AbstractApplicationContext.java:583) ~[spring-context-5.3.25.jar:5.3.25]
	at org.springframework.boot.web.servlet.context.ServletWebServerApplicationContext.refresh(ServletWebServerApplicationContext.java:147) ~[spring-boot-2.7.8.jar:2.7.8]
	at org.springframework.boot.SpringApplication.refresh(SpringApplication.java:731) ~[spring-boot-2.7.8.jar:2.7.8]
	at org.springframework.boot.SpringApplication.refreshContext(SpringApplication.java:408) ~[spring-boot-2.7.8.jar:2.7.8]
	at org.springframework.boot.SpringApplication.run(SpringApplication.java:307) ~[spring-boot-2.7.8.jar:2.7.8]
	at org.springframework.boot.SpringApplication.run(SpringApplication.java:1303) ~[spring-boot-2.7.8.jar:2.7.8]
	at org.springframework.boot.SpringApplication.run(SpringApplication.java:1292) ~[spring-boot-2.7.8.jar:2.7.8]
	at com.cg.onlineplantnursery.OnlinePlantApp2Application.main(OnlinePlantApp2Application.java:10) ~[main/:na]
	at java.base/jdk.internal.reflect.NativeMethodAccessorImpl.invoke0(Native Method) ~[na:na]
	at java.base/jdk.internal.reflect.NativeMethodAccessorImpl.invoke(NativeMethodAccessorImpl.java:77) ~[na:na]
	at java.base/jdk.internal.reflect.DelegatingMethodAccessorImpl.invoke(DelegatingMethodAccessorImpl.java:43) ~[na:na]
	at java.base/java.lang.reflect.Method.invoke(Method.java:568) ~[na:na]
	at org.springframework.boot.devtools.restart.RestartLauncher.run(RestartLauncher.java:49) ~[spring-boot-devtools-2.7.8.jar:2.7.8]
Caused by: org.springframework.beans.factory.UnsatisfiedDependencyException: Error creating bean with name 'plantServiceImpl': Unsatisfied dependency expressed through field 'plantRepo'; nested exception is org.springframework.beans.factory.BeanCreationException: Error creating bean with name 'IPlantRepository' defined in com.cg.onlineplantnursery.plant.repository.IPlantRepository defined in @EnableJpaRepositories declared on JpaRepositoriesRegistrar.EnableJpaRepositoriesConfiguration: Invocation of init method failed; nested exception is org.springframework.data.repository.query.QueryCreationException: Could not create query for public abstract java.util.List com.cg.onlineplantnursery.plant.repository.IPlantRepository.getAllPlantsByTypeOfPlants(java.lang.String); Reason: Failed to create query for method public abstract java.util.List com.cg.onlineplantnursery.plant.repository.IPlantRepository.getAllPlantsByTypeOfPlants(java.lang.String)! No property 'typeOfPlants' found for type 'Plant'; Did you mean 'typeOfPlant'; nested exception is java.lang.IllegalArgumentException: Failed to create query for method public abstract java.util.List com.cg.onlineplantnursery.plant.repository.IPlantRepository.getAllPlantsByTypeOfPlants(java.lang.String)! No property 'typeOfPlants' found for type 'Plant'; Did you mean 'typeOfPlant'
	at org.springframework.beans.factory.annotation.AutowiredAnnotationBeanPostProcessor$AutowiredFieldElement.resolveFieldValue(AutowiredAnnotationBeanPostProcessor.java:660) ~[spring-beans-5.3.25.jar:5.3.25]
	at org.springframework.beans.factory.annotation.AutowiredAnnotationBeanPostProcessor$AutowiredFieldElement.inject(AutowiredAnnotationBeanPostProcessor.java:640) ~[spring-beans-5.3.25.jar:5.3.25]
	at org.springframework.beans.factory.annotation.InjectionMetadata.inject(InjectionMetadata.java:119) ~[spring-beans-5.3.25.jar:5.3.25]
	at org.springframework.beans.factory.annotation.AutowiredAnnotationBeanPostProcessor.postProcessProperties(AutowiredAnnotationBeanPostProcessor.java:399) ~[spring-beans-5.3.25.jar:5.3.25]
	at org.springframework.beans.factory.support.AbstractAutowireCapableBeanFactory.populateBean(AbstractAutowireCapableBeanFactory.java:1431) ~[spring-beans-5.3.25.jar:5.3.25]
	at org.springframework.beans.factory.support.AbstractAutowireCapableBeanFactory.doCreateBean(AbstractAutowireCapableBeanFactory.java:619) ~[spring-beans-5.3.25.jar:5.3.25]
	at org.springframework.beans.factory.support.AbstractAutowireCapableBeanFactory.createBean(AbstractAutowireCapableBeanFactory.java:542) ~[spring-beans-5.3.25.jar:5.3.25]
	at org.springframework.beans.factory.support.AbstractBeanFactory.lambda$doGetBean$0(AbstractBeanFactory.java:335) ~[spring-beans-5.3.25.jar:5.3.25]
	at org.springframework.beans.factory.support.DefaultSingletonBeanRegistry.getSingleton(DefaultSingletonBeanRegistry.java:234) ~[spring-beans-5.3.25.jar:5.3.25]
	at org.springframework.beans.factory.support.AbstractBeanFactory.doGetBean(AbstractBeanFactory.java:333) ~[spring-beans-5.3.25.jar:5.3.25]
	at org.springframework.beans.factory.support.AbstractBeanFactory.getBean(AbstractBeanFactory.java:208) ~[spring-beans-5.3.25.jar:5.3.25]
	at org.springframework.beans.factory.config.DependencyDescriptor.resolveCandidate(DependencyDescriptor.java:276) ~[spring-beans-5.3.25.jar:5.3.25]
	at org.springframework.beans.factory.support.DefaultListableBeanFactory.doResolveDependency(DefaultListableBeanFactory.java:1391) ~[spring-beans-5.3.25.jar:5.3.25]
	at org.springframework.beans.factory.support.DefaultListableBeanFactory.resolveDependency(DefaultListableBeanFactory.java:1311) ~[spring-beans-5.3.25.jar:5.3.25]
	at org.springframework.beans.factory.annotation.AutowiredAnnotationBeanPostProcessor$AutowiredFieldElement.resolveFieldValue(AutowiredAnnotationBeanPostProcessor.java:657) ~[spring-beans-5.3.25.jar:5.3.25]
	... 25 common frames omitted
Caused by: org.springframework.beans.factory.BeanCreationException: Error creating bean with name 'IPlantRepository' defined in com.cg.onlineplantnursery.plant.repository.IPlantRepository defined in @EnableJpaRepositories declared on JpaRepositoriesRegistrar.EnableJpaRepositoriesConfiguration: Invocation of init method failed; nested exception is org.springframework.data.repository.query.QueryCreationException: Could not create query for public abstract java.util.List com.cg.onlineplantnursery.plant.repository.IPlantRepository.getAllPlantsByTypeOfPlants(java.lang.String); Reason: Failed to create query for method public abstract java.util.List com.cg.onlineplantnursery.plant.repository.IPlantRepository.getAllPlantsByTypeOfPlants(java.lang.String)! No property 'typeOfPlants' found for type 'Plant'; Did you mean 'typeOfPlant'; nested exception is java.lang.IllegalArgumentException: Failed to create query for method public abstract java.util.List com.cg.onlineplantnursery.plant.repository.IPlantRepository.getAllPlantsByTypeOfPlants(java.lang.String)! No property 'typeOfPlants' found for type 'Plant'; Did you mean 'typeOfPlant'
	at org.springframework.beans.factory.support.AbstractAutowireCapableBeanFactory.initializeBean(AbstractAutowireCapableBeanFactory.java:1804) ~[spring-beans-5.3.25.jar:5.3.25]
	at org.springframework.beans.factory.support.AbstractAutowireCapableBeanFactory.doCreateBean(AbstractAutowireCapableBeanFactory.java:620) ~[spring-beans-5.3.25.jar:5.3.25]
	at org.springframework.beans.factory.support.AbstractAutowireCapableBeanFactory.createBean(AbstractAutowireCapableBeanFactory.java:542) ~[spring-beans-5.3.25.jar:5.3.25]
	at org.springframework.beans.factory.support.AbstractBeanFactory.lambda$doGetBean$0(AbstractBeanFactory.java:335) ~[spring-beans-5.3.25.jar:5.3.25]
	at org.springframework.beans.factory.support.DefaultSingletonBeanRegistry.getSingleton(DefaultSingletonBeanRegistry.java:234) ~[spring-beans-5.3.25.jar:5.3.25]
	at org.springframework.beans.factory.support.AbstractBeanFactory.doGetBean(AbstractBeanFactory.java:333) ~[spring-beans-5.3.25.jar:5.3.25]
	at org.springframework.beans.factory.support.AbstractBeanFactory.getBean(AbstractBeanFactory.java:208) ~[spring-beans-5.3.25.jar:5.3.25]
	at org.springframework.beans.factory.config.DependencyDescriptor.resolveCandidate(DependencyDescriptor.java:276) ~[spring-beans-5.3.25.jar:5.3.25]
	at org.springframework.beans.factory.support.DefaultListableBeanFactory.doResolveDependency(DefaultListableBeanFactory.java:1391) ~[spring-beans-5.3.25.jar:5.3.25]
	at org.springframework.beans.factory.support.DefaultListableBeanFactory.resolveDependency(DefaultListableBeanFactory.java:1311) ~[spring-beans-5.3.25.jar:5.3.25]
	at org.springframework.beans.factory.annotation.AutowiredAnnotationBeanPostProcessor$AutowiredFieldElement.resolveFieldValue(AutowiredAnnotationBeanPostProcessor.java:657) ~[spring-beans-5.3.25.jar:5.3.25]
	... 39 common frames omitted
Caused by: org.springframework.data.repository.query.QueryCreationException: Could not create query for public abstract java.util.List com.cg.onlineplantnursery.plant.repository.IPlantRepository.getAllPlantsByTypeOfPlants(java.lang.String); Reason: Failed to create query for method public abstract java.util.List com.cg.onlineplantnursery.plant.repository.IPlantRepository.getAllPlantsByTypeOfPlants(java.lang.String)! No property 'typeOfPlants' found for type 'Plant'; Did you mean 'typeOfPlant'; nested exception is java.lang.IllegalArgumentException: Failed to create query for method public abstract java.util.List com.cg.onlineplantnursery.plant.repository.IPlantRepository.getAllPlantsByTypeOfPlants(java.lang.String)! No property 'typeOfPlants' found for type 'Plant'; Did you mean 'typeOfPlant'
	at org.springframework.data.repository.query.QueryCreationException.create(QueryCreationException.java:101) ~[spring-data-commons-2.7.7.jar:2.7.7]
	at org.springframework.data.repository.core.support.QueryExecutorMethodInterceptor.lookupQuery(QueryExecutorMethodInterceptor.java:107) ~[spring-data-commons-2.7.7.jar:2.7.7]
	at org.springframework.data.repository.core.support.QueryExecutorMethodInterceptor.lambda$mapMethodsToQuery$1(QueryExecutorMethodInterceptor.java:95) ~[spring-data-commons-2.7.7.jar:2.7.7]
	at java.base/java.util.stream.ReferencePipeline$3$1.accept(ReferencePipeline.java:197) ~[na:na]
	at java.base/java.util.Iterator.forEachRemaining(Iterator.java:133) ~[na:na]
	at java.base/java.util.Collections$UnmodifiableCollection$1.forEachRemaining(Collections.java:1061) ~[na:na]
	at java.base/java.util.Spliterators$IteratorSpliterator.forEachRemaining(Spliterators.java:1845) ~[na:na]
	at java.base/java.util.stream.AbstractPipeline.copyInto(AbstractPipeline.java:509) ~[na:na]
	at java.base/java.util.stream.AbstractPipeline.wrapAndCopyInto(AbstractPipeline.java:499) ~[na:na]
	at java.base/java.util.stream.ReduceOps$ReduceOp.evaluateSequential(ReduceOps.java:921) ~[na:na]
	at java.base/java.util.stream.AbstractPipeline.evaluate(AbstractPipeline.java:234) ~[na:na]
	at java.base/java.util.stream.ReferencePipeline.collect(ReferencePipeline.java:682) ~[na:na]
	at org.springframework.data.repository.core.support.QueryExecutorMethodInterceptor.mapMethodsToQuery(QueryExecutorMethodInterceptor.java:97) ~[spring-data-commons-2.7.7.jar:2.7.7]
	at org.springframework.data.repository.core.support.QueryExecutorMethodInterceptor.lambda$new$0(QueryExecutorMethodInterceptor.java:87) ~[spring-data-commons-2.7.7.jar:2.7.7]
	at java.base/java.util.Optional.map(Optional.java:260) ~[na:na]
	at org.springframework.data.repository.core.support.QueryExecutorMethodInterceptor.<init>(QueryExecutorMethodInterceptor.java:87) ~[spring-data-commons-2.7.7.jar:2.7.7]
	at org.springframework.data.repository.core.support.RepositoryFactorySupport.getRepository(RepositoryFactorySupport.java:365) ~[spring-data-commons-2.7.7.jar:2.7.7]
	at org.springframework.data.repository.core.support.RepositoryFactoryBeanSupport.lambda$afterPropertiesSet$5(RepositoryFactoryBeanSupport.java:323) ~[spring-data-commons-2.7.7.jar:2.7.7]
	at org.springframework.data.util.Lazy.getNullable(Lazy.java:231) ~[spring-data-commons-2.7.7.jar:2.7.7]
	at org.springframework.data.util.Lazy.get(Lazy.java:115) ~[spring-data-commons-2.7.7.jar:2.7.7]
	at org.springframework.data.repository.core.support.RepositoryFactoryBeanSupport.afterPropertiesSet(RepositoryFactoryBeanSupport.java:329) ~[spring-data-commons-2.7.7.jar:2.7.7]
	at org.springframework.data.jpa.repository.support.JpaRepositoryFactoryBean.afterPropertiesSet(JpaRepositoryFactoryBean.java:144) ~[spring-data-jpa-2.7.7.jar:2.7.7]
	at org.springframework.beans.factory.support.AbstractAutowireCapableBeanFactory.invokeInitMethods(AbstractAutowireCapableBeanFactory.java:1863) ~[spring-beans-5.3.25.jar:5.3.25]
	at org.springframework.beans.factory.support.AbstractAutowireCapableBeanFactory.initializeBean(AbstractAutowireCapableBeanFactory.java:1800) ~[spring-beans-5.3.25.jar:5.3.25]
	... 49 common frames omitted
Caused by: java.lang.IllegalArgumentException: Failed to create query for method public abstract java.util.List com.cg.onlineplantnursery.plant.repository.IPlantRepository.getAllPlantsByTypeOfPlants(java.lang.String)! No property 'typeOfPlants' found for type 'Plant'; Did you mean 'typeOfPlant'
	at org.springframework.data.jpa.repository.query.PartTreeJpaQuery.<init>(PartTreeJpaQuery.java:96) ~[spring-data-jpa-2.7.7.jar:2.7.7]
	at org.springframework.data.jpa.repository.query.JpaQueryLookupStrategy$CreateQueryLookupStrategy.resolveQuery(JpaQueryLookupStrategy.java:119) ~[spring-data-jpa-2.7.7.jar:2.7.7]
	at org.springframework.data.jpa.repository.query.JpaQueryLookupStrategy$CreateIfNotFoundQueryLookupStrategy.resolveQuery(JpaQueryLookupStrategy.java:259) ~[spring-data-jpa-2.7.7.jar:2.7.7]
	at org.springframework.data.jpa.repository.query.JpaQueryLookupStrategy$AbstractQueryLookupStrategy.resolveQuery(JpaQueryLookupStrategy.java:93) ~[spring-data-jpa-2.7.7.jar:2.7.7]
	at org.springframework.data.repository.core.support.QueryExecutorMethodInterceptor.lookupQuery(QueryExecutorMethodInterceptor.java:103) ~[spring-data-commons-2.7.7.jar:2.7.7]
	... 71 common frames omitted
Caused by: org.springframework.data.mapping.PropertyReferenceException: No property 'typeOfPlants' found for type 'Plant'; Did you mean 'typeOfPlant'
	at org.springframework.data.mapping.PropertyPath.<init>(PropertyPath.java:91) ~[spring-data-commons-2.7.7.jar:2.7.7]
	at org.springframework.data.mapping.PropertyPath.create(PropertyPath.java:438) ~[spring-data-commons-2.7.7.jar:2.7.7]
	at org.springframework.data.mapping.PropertyPath.create(PropertyPath.java:414) ~[spring-data-commons-2.7.7.jar:2.7.7]
	at org.springframework.data.mapping.PropertyPath.lambda$from$0(PropertyPath.java:367) ~[spring-data-commons-2.7.7.jar:2.7.7]
	at java.base/java.util.concurrent.ConcurrentMap.computeIfAbsent(ConcurrentMap.java:330) ~[na:na]
	at org.springframework.data.mapping.PropertyPath.from(PropertyPath.java:349) ~[spring-data-commons-2.7.7.jar:2.7.7]
	at org.springframework.data.mapping.PropertyPath.from(PropertyPath.java:332) ~[spring-data-commons-2.7.7.jar:2.7.7]
	at org.springframework.data.repository.query.parser.Part.<init>(Part.java:81) ~[spring-data-commons-2.7.7.jar:2.7.7]
	at org.springframework.data.repository.query.parser.PartTree$OrPart.lambda$new$0(PartTree.java:250) ~[spring-data-commons-2.7.7.jar:2.7.7]
	at java.base/java.util.stream.ReferencePipeline$3$1.accept(ReferencePipeline.java:197) ~[na:na]
	at java.base/java.util.stream.ReferencePipeline$2$1.accept(ReferencePipeline.java:179) ~[na:na]
	at java.base/java.util.Spliterators$ArraySpliterator.forEachRemaining(Spliterators.java:992) ~[na:na]
	at java.base/java.util.stream.AbstractPipeline.copyInto(AbstractPipeline.java:509) ~[na:na]
	at java.base/java.util.stream.AbstractPipeline.wrapAndCopyInto(AbstractPipeline.java:499) ~[na:na]
	at java.base/java.util.stream.ReduceOps$ReduceOp.evaluateSequential(ReduceOps.java:921) ~[na:na]
	at java.base/java.util.stream.AbstractPipeline.evaluate(AbstractPipeline.java:234) ~[na:na]
	at java.base/java.util.stream.ReferencePipeline.collect(ReferencePipeline.java:682) ~[na:na]
	at org.springframework.data.repository.query.parser.PartTree$OrPart.<init>(PartTree.java:251) ~[spring-data-commons-2.7.7.jar:2.7.7]
	at org.springframework.data.repository.query.parser.PartTree$Predicate.lambda$new$0(PartTree.java:384) ~[spring-data-commons-2.7.7.jar:2.7.7]
	at java.base/java.util.stream.ReferencePipeline$3$1.accept(ReferencePipeline.java:197) ~[na:na]
	at java.base/java.util.stream.ReferencePipeline$2$1.accept(ReferencePipeline.java:179) ~[na:na]
	at java.base/java.util.Spliterators$ArraySpliterator.forEachRemaining(Spliterators.java:992) ~[na:na]
	at java.base/java.util.stream.AbstractPipeline.copyInto(AbstractPipeline.java:509) ~[na:na]
	at java.base/java.util.stream.AbstractPipeline.wrapAndCopyInto(AbstractPipeline.java:499) ~[na:na]
	at java.base/java.util.stream.ReduceOps$ReduceOp.evaluateSequential(ReduceOps.java:921) ~[na:na]
	at java.base/java.util.stream.AbstractPipeline.evaluate(AbstractPipeline.java:234) ~[na:na]
	at java.base/java.util.stream.ReferencePipeline.collect(ReferencePipeline.java:682) ~[na:na]
	at org.springframework.data.repository.query.parser.PartTree$Predicate.<init>(PartTree.java:385) ~[spring-data-commons-2.7.7.jar:2.7.7]
	at org.springframework.data.repository.query.parser.PartTree.<init>(PartTree.java:96) ~[spring-data-commons-2.7.7.jar:2.7.7]
	at org.springframework.data.jpa.repository.query.PartTreeJpaQuery.<init>(PartTreeJpaQuery.java:89) ~[spring-data-jpa-2.7.7.jar:2.7.7]
	... 75 common frames omitted

2023-02-01 20:06:09.706  INFO 34372 --- [restartedMain] c.c.o.OnlinePlantApp2Application         : Starting OnlinePlantApp2Application using Java 17.0.5 on INLEN8520069525 with PID 34372 (C:\MySpringBootWork\OnlinePlantApp2\bin\main started by keejanga in C:\MySpringBootWork\OnlinePlantApp2)
2023-02-01 20:06:09.708  INFO 34372 --- [restartedMain] c.c.o.OnlinePlantApp2Application         : No active profile set, falling back to 1 default profile: "default"
2023-02-01 20:06:10.917  INFO 34372 --- [restartedMain] o.apache.catalina.core.StandardService   : Starting service [Tomcat]
2023-02-01 20:06:10.917  INFO 34372 --- [restartedMain] org.apache.catalina.core.StandardEngine  : Starting Servlet engine: [Apache Tomcat/9.0.71]
2023-02-01 20:06:10.976  INFO 34372 --- [restartedMain] o.a.c.c.C.[Tomcat].[localhost].[/]       : Initializing Spring embedded WebApplicationContext
2023-02-01 20:06:11.151  INFO 34372 --- [restartedMain] o.hibernate.jpa.internal.util.LogHelper  : HHH000204: Processing PersistenceUnitInfo [name: default]
2023-02-01 20:06:11.187  INFO 34372 --- [restartedMain] org.hibernate.Version                    : HHH000412: Hibernate ORM core version 5.6.14.Final
2023-02-01 20:06:11.317  INFO 34372 --- [restartedMain] o.hibernate.annotations.common.Version   : HCANN000001: Hibernate Commons Annotations {5.1.2.Final}
2023-02-01 20:06:11.390  INFO 34372 --- [restartedMain] com.zaxxer.hikari.HikariDataSource       : HikariPool-1 - Starting...
2023-02-01 20:06:11.629  INFO 34372 --- [restartedMain] com.zaxxer.hikari.HikariDataSource       : HikariPool-1 - Start completed.
2023-02-01 20:06:11.643  INFO 34372 --- [restartedMain] org.hibernate.dialect.Dialect            : HHH000400: Using dialect: org.hibernate.dialect.PostgreSQLDialect
2023-02-01 20:06:12.169  INFO 34372 --- [restartedMain] o.h.e.t.j.p.i.JtaPlatformInitiator       : HHH000490: Using JtaPlatform implementation: [org.hibernate.engine.transaction.jta.platform.internal.NoJtaPlatform]
2023-02-01 20:06:12.527  WARN 34372 --- [restartedMain] ConfigServletWebServerApplicationContext : Exception encountered during context initialization - cancelling refresh attempt: org.springframework.beans.factory.UnsatisfiedDependencyException: Error creating bean with name 'plantController': Unsatisfied dependency expressed through field 'plantService'; nested exception is org.springframework.beans.factory.UnsatisfiedDependencyException: Error creating bean with name 'plantServiceImpl': Unsatisfied dependency expressed through field 'plantRepo'; nested exception is org.springframework.beans.factory.BeanCreationException: Error creating bean with name 'IPlantRepository' defined in com.cg.onlineplantnursery.plant.repository.IPlantRepository defined in @EnableJpaRepositories declared on JpaRepositoriesRegistrar.EnableJpaRepositoriesConfiguration: Invocation of init method failed; nested exception is org.springframework.data.repository.query.QueryCreationException: Could not create query for public abstract java.util.List com.cg.onlineplantnursery.plant.repository.IPlantRepository.getAllPlantsByTypeOfPlants(java.lang.String); Reason: Failed to create query for method public abstract java.util.List com.cg.onlineplantnursery.plant.repository.IPlantRepository.getAllPlantsByTypeOfPlants(java.lang.String)! No property 'typeOfPlants' found for type 'Plant'; Did you mean 'typeOfPlant'; nested exception is java.lang.IllegalArgumentException: Failed to create query for method public abstract java.util.List com.cg.onlineplantnursery.plant.repository.IPlantRepository.getAllPlantsByTypeOfPlants(java.lang.String)! No property 'typeOfPlants' found for type 'Plant'; Did you mean 'typeOfPlant'
2023-02-01 20:06:12.531  INFO 34372 --- [restartedMain] com.zaxxer.hikari.HikariDataSource       : HikariPool-1 - Shutdown initiated...
2023-02-01 20:06:12.637  INFO 34372 --- [restartedMain] com.zaxxer.hikari.HikariDataSource       : HikariPool-1 - Shutdown completed.
2023-02-01 20:06:12.640  INFO 34372 --- [restartedMain] o.apache.catalina.core.StandardService   : Stopping service [Tomcat]
2023-02-01 20:06:12.671 ERROR 34372 --- [restartedMain] o.s.boot.SpringApplication               : Application run failed

org.springframework.beans.factory.UnsatisfiedDependencyException: Error creating bean with name 'plantController': Unsatisfied dependency expressed through field 'plantService'; nested exception is org.springframework.beans.factory.UnsatisfiedDependencyException: Error creating bean with name 'plantServiceImpl': Unsatisfied dependency expressed through field 'plantRepo'; nested exception is org.springframework.beans.factory.BeanCreationException: Error creating bean with name 'IPlantRepository' defined in com.cg.onlineplantnursery.plant.repository.IPlantRepository defined in @EnableJpaRepositories declared on JpaRepositoriesRegistrar.EnableJpaRepositoriesConfiguration: Invocation of init method failed; nested exception is org.springframework.data.repository.query.QueryCreationException: Could not create query for public abstract java.util.List com.cg.onlineplantnursery.plant.repository.IPlantRepository.getAllPlantsByTypeOfPlants(java.lang.String); Reason: Failed to create query for method public abstract java.util.List com.cg.onlineplantnursery.plant.repository.IPlantRepository.getAllPlantsByTypeOfPlants(java.lang.String)! No property 'typeOfPlants' found for type 'Plant'; Did you mean 'typeOfPlant'; nested exception is java.lang.IllegalArgumentException: Failed to create query for method public abstract java.util.List com.cg.onlineplantnursery.plant.repository.IPlantRepository.getAllPlantsByTypeOfPlants(java.lang.String)! No property 'typeOfPlants' found for type 'Plant'; Did you mean 'typeOfPlant'
	at org.springframework.beans.factory.annotation.AutowiredAnnotationBeanPostProcessor$AutowiredFieldElement.resolveFieldValue(AutowiredAnnotationBeanPostProcessor.java:660) ~[spring-beans-5.3.25.jar:5.3.25]
	at org.springframework.beans.factory.annotation.AutowiredAnnotationBeanPostProcessor$AutowiredFieldElement.inject(AutowiredAnnotationBeanPostProcessor.java:640) ~[spring-beans-5.3.25.jar:5.3.25]
	at org.springframework.beans.factory.annotation.InjectionMetadata.inject(InjectionMetadata.java:119) ~[spring-beans-5.3.25.jar:5.3.25]
	at org.springframework.beans.factory.annotation.AutowiredAnnotationBeanPostProcessor.postProcessProperties(AutowiredAnnotationBeanPostProcessor.java:399) ~[spring-beans-5.3.25.jar:5.3.25]
	at org.springframework.beans.factory.support.AbstractAutowireCapableBeanFactory.populateBean(AbstractAutowireCapableBeanFactory.java:1431) ~[spring-beans-5.3.25.jar:5.3.25]
	at org.springframework.beans.factory.support.AbstractAutowireCapableBeanFactory.doCreateBean(AbstractAutowireCapableBeanFactory.java:619) ~[spring-beans-5.3.25.jar:5.3.25]
	at org.springframework.beans.factory.support.AbstractAutowireCapableBeanFactory.createBean(AbstractAutowireCapableBeanFactory.java:542) ~[spring-beans-5.3.25.jar:5.3.25]
	at org.springframework.beans.factory.support.AbstractBeanFactory.lambda$doGetBean$0(AbstractBeanFactory.java:335) ~[spring-beans-5.3.25.jar:5.3.25]
	at org.springframework.beans.factory.support.DefaultSingletonBeanRegistry.getSingleton(DefaultSingletonBeanRegistry.java:234) ~[spring-beans-5.3.25.jar:5.3.25]
	at org.springframework.beans.factory.support.AbstractBeanFactory.doGetBean(AbstractBeanFactory.java:333) ~[spring-beans-5.3.25.jar:5.3.25]
	at org.springframework.beans.factory.support.AbstractBeanFactory.getBean(AbstractBeanFactory.java:208) ~[spring-beans-5.3.25.jar:5.3.25]
	at org.springframework.beans.factory.support.DefaultListableBeanFactory.preInstantiateSingletons(DefaultListableBeanFactory.java:955) ~[spring-beans-5.3.25.jar:5.3.25]
	at org.springframework.context.support.AbstractApplicationContext.finishBeanFactoryInitialization(AbstractApplicationContext.java:918) ~[spring-context-5.3.25.jar:5.3.25]
	at org.springframework.context.support.AbstractApplicationContext.refresh(AbstractApplicationContext.java:583) ~[spring-context-5.3.25.jar:5.3.25]
	at org.springframework.boot.web.servlet.context.ServletWebServerApplicationContext.refresh(ServletWebServerApplicationContext.java:147) ~[spring-boot-2.7.8.jar:2.7.8]
	at org.springframework.boot.SpringApplication.refresh(SpringApplication.java:731) ~[spring-boot-2.7.8.jar:2.7.8]
	at org.springframework.boot.SpringApplication.refreshContext(SpringApplication.java:408) ~[spring-boot-2.7.8.jar:2.7.8]
	at org.springframework.boot.SpringApplication.run(SpringApplication.java:307) ~[spring-boot-2.7.8.jar:2.7.8]
	at org.springframework.boot.SpringApplication.run(SpringApplication.java:1303) ~[spring-boot-2.7.8.jar:2.7.8]
	at org.springframework.boot.SpringApplication.run(SpringApplication.java:1292) ~[spring-boot-2.7.8.jar:2.7.8]
	at com.cg.onlineplantnursery.OnlinePlantApp2Application.main(OnlinePlantApp2Application.java:10) ~[main/:na]
	at java.base/jdk.internal.reflect.NativeMethodAccessorImpl.invoke0(Native Method) ~[na:na]
	at java.base/jdk.internal.reflect.NativeMethodAccessorImpl.invoke(NativeMethodAccessorImpl.java:77) ~[na:na]
	at java.base/jdk.internal.reflect.DelegatingMethodAccessorImpl.invoke(DelegatingMethodAccessorImpl.java:43) ~[na:na]
	at java.base/java.lang.reflect.Method.invoke(Method.java:568) ~[na:na]
	at org.springframework.boot.devtools.restart.RestartLauncher.run(RestartLauncher.java:49) ~[spring-boot-devtools-2.7.8.jar:2.7.8]
Caused by: org.springframework.beans.factory.UnsatisfiedDependencyException: Error creating bean with name 'plantServiceImpl': Unsatisfied dependency expressed through field 'plantRepo'; nested exception is org.springframework.beans.factory.BeanCreationException: Error creating bean with name 'IPlantRepository' defined in com.cg.onlineplantnursery.plant.repository.IPlantRepository defined in @EnableJpaRepositories declared on JpaRepositoriesRegistrar.EnableJpaRepositoriesConfiguration: Invocation of init method failed; nested exception is org.springframework.data.repository.query.QueryCreationException: Could not create query for public abstract java.util.List com.cg.onlineplantnursery.plant.repository.IPlantRepository.getAllPlantsByTypeOfPlants(java.lang.String); Reason: Failed to create query for method public abstract java.util.List com.cg.onlineplantnursery.plant.repository.IPlantRepository.getAllPlantsByTypeOfPlants(java.lang.String)! No property 'typeOfPlants' found for type 'Plant'; Did you mean 'typeOfPlant'; nested exception is java.lang.IllegalArgumentException: Failed to create query for method public abstract java.util.List com.cg.onlineplantnursery.plant.repository.IPlantRepository.getAllPlantsByTypeOfPlants(java.lang.String)! No property 'typeOfPlants' found for type 'Plant'; Did you mean 'typeOfPlant'
	at org.springframework.beans.factory.annotation.AutowiredAnnotationBeanPostProcessor$AutowiredFieldElement.resolveFieldValue(AutowiredAnnotationBeanPostProcessor.java:660) ~[spring-beans-5.3.25.jar:5.3.25]
	at org.springframework.beans.factory.annotation.AutowiredAnnotationBeanPostProcessor$AutowiredFieldElement.inject(AutowiredAnnotationBeanPostProcessor.java:640) ~[spring-beans-5.3.25.jar:5.3.25]
	at org.springframework.beans.factory.annotation.InjectionMetadata.inject(InjectionMetadata.java:119) ~[spring-beans-5.3.25.jar:5.3.25]
	at org.springframework.beans.factory.annotation.AutowiredAnnotationBeanPostProcessor.postProcessProperties(AutowiredAnnotationBeanPostProcessor.java:399) ~[spring-beans-5.3.25.jar:5.3.25]
	at org.springframework.beans.factory.support.AbstractAutowireCapableBeanFactory.populateBean(AbstractAutowireCapableBeanFactory.java:1431) ~[spring-beans-5.3.25.jar:5.3.25]
	at org.springframework.beans.factory.support.AbstractAutowireCapableBeanFactory.doCreateBean(AbstractAutowireCapableBeanFactory.java:619) ~[spring-beans-5.3.25.jar:5.3.25]
	at org.springframework.beans.factory.support.AbstractAutowireCapableBeanFactory.createBean(AbstractAutowireCapableBeanFactory.java:542) ~[spring-beans-5.3.25.jar:5.3.25]
	at org.springframework.beans.factory.support.AbstractBeanFactory.lambda$doGetBean$0(AbstractBeanFactory.java:335) ~[spring-beans-5.3.25.jar:5.3.25]
	at org.springframework.beans.factory.support.DefaultSingletonBeanRegistry.getSingleton(DefaultSingletonBeanRegistry.java:234) ~[spring-beans-5.3.25.jar:5.3.25]
	at org.springframework.beans.factory.support.AbstractBeanFactory.doGetBean(AbstractBeanFactory.java:333) ~[spring-beans-5.3.25.jar:5.3.25]
	at org.springframework.beans.factory.support.AbstractBeanFactory.getBean(AbstractBeanFactory.java:208) ~[spring-beans-5.3.25.jar:5.3.25]
	at org.springframework.beans.factory.config.DependencyDescriptor.resolveCandidate(DependencyDescriptor.java:276) ~[spring-beans-5.3.25.jar:5.3.25]
	at org.springframework.beans.factory.support.DefaultListableBeanFactory.doResolveDependency(DefaultListableBeanFactory.java:1391) ~[spring-beans-5.3.25.jar:5.3.25]
	at org.springframework.beans.factory.support.DefaultListableBeanFactory.resolveDependency(DefaultListableBeanFactory.java:1311) ~[spring-beans-5.3.25.jar:5.3.25]
	at org.springframework.beans.factory.annotation.AutowiredAnnotationBeanPostProcessor$AutowiredFieldElement.resolveFieldValue(AutowiredAnnotationBeanPostProcessor.java:657) ~[spring-beans-5.3.25.jar:5.3.25]
	... 25 common frames omitted
Caused by: org.springframework.beans.factory.BeanCreationException: Error creating bean with name 'IPlantRepository' defined in com.cg.onlineplantnursery.plant.repository.IPlantRepository defined in @EnableJpaRepositories declared on JpaRepositoriesRegistrar.EnableJpaRepositoriesConfiguration: Invocation of init method failed; nested exception is org.springframework.data.repository.query.QueryCreationException: Could not create query for public abstract java.util.List com.cg.onlineplantnursery.plant.repository.IPlantRepository.getAllPlantsByTypeOfPlants(java.lang.String); Reason: Failed to create query for method public abstract java.util.List com.cg.onlineplantnursery.plant.repository.IPlantRepository.getAllPlantsByTypeOfPlants(java.lang.String)! No property 'typeOfPlants' found for type 'Plant'; Did you mean 'typeOfPlant'; nested exception is java.lang.IllegalArgumentException: Failed to create query for method public abstract java.util.List com.cg.onlineplantnursery.plant.repository.IPlantRepository.getAllPlantsByTypeOfPlants(java.lang.String)! No property 'typeOfPlants' found for type 'Plant'; Did you mean 'typeOfPlant'
	at org.springframework.beans.factory.support.AbstractAutowireCapableBeanFactory.initializeBean(AbstractAutowireCapableBeanFactory.java:1804) ~[spring-beans-5.3.25.jar:5.3.25]
	at org.springframework.beans.factory.support.AbstractAutowireCapableBeanFactory.doCreateBean(AbstractAutowireCapableBeanFactory.java:620) ~[spring-beans-5.3.25.jar:5.3.25]
	at org.springframework.beans.factory.support.AbstractAutowireCapableBeanFactory.createBean(AbstractAutowireCapableBeanFactory.java:542) ~[spring-beans-5.3.25.jar:5.3.25]
	at org.springframework.beans.factory.support.AbstractBeanFactory.lambda$doGetBean$0(AbstractBeanFactory.java:335) ~[spring-beans-5.3.25.jar:5.3.25]
	at org.springframework.beans.factory.support.DefaultSingletonBeanRegistry.getSingleton(DefaultSingletonBeanRegistry.java:234) ~[spring-beans-5.3.25.jar:5.3.25]
	at org.springframework.beans.factory.support.AbstractBeanFactory.doGetBean(AbstractBeanFactory.java:333) ~[spring-beans-5.3.25.jar:5.3.25]
	at org.springframework.beans.factory.support.AbstractBeanFactory.getBean(AbstractBeanFactory.java:208) ~[spring-beans-5.3.25.jar:5.3.25]
	at org.springframework.beans.factory.config.DependencyDescriptor.resolveCandidate(DependencyDescriptor.java:276) ~[spring-beans-5.3.25.jar:5.3.25]
	at org.springframework.beans.factory.support.DefaultListableBeanFactory.doResolveDependency(DefaultListableBeanFactory.java:1391) ~[spring-beans-5.3.25.jar:5.3.25]
	at org.springframework.beans.factory.support.DefaultListableBeanFactory.resolveDependency(DefaultListableBeanFactory.java:1311) ~[spring-beans-5.3.25.jar:5.3.25]
	at org.springframework.beans.factory.annotation.AutowiredAnnotationBeanPostProcessor$AutowiredFieldElement.resolveFieldValue(AutowiredAnnotationBeanPostProcessor.java:657) ~[spring-beans-5.3.25.jar:5.3.25]
	... 39 common frames omitted
Caused by: org.springframework.data.repository.query.QueryCreationException: Could not create query for public abstract java.util.List com.cg.onlineplantnursery.plant.repository.IPlantRepository.getAllPlantsByTypeOfPlants(java.lang.String); Reason: Failed to create query for method public abstract java.util.List com.cg.onlineplantnursery.plant.repository.IPlantRepository.getAllPlantsByTypeOfPlants(java.lang.String)! No property 'typeOfPlants' found for type 'Plant'; Did you mean 'typeOfPlant'; nested exception is java.lang.IllegalArgumentException: Failed to create query for method public abstract java.util.List com.cg.onlineplantnursery.plant.repository.IPlantRepository.getAllPlantsByTypeOfPlants(java.lang.String)! No property 'typeOfPlants' found for type 'Plant'; Did you mean 'typeOfPlant'
	at org.springframework.data.repository.query.QueryCreationException.create(QueryCreationException.java:101) ~[spring-data-commons-2.7.7.jar:2.7.7]
	at org.springframework.data.repository.core.support.QueryExecutorMethodInterceptor.lookupQuery(QueryExecutorMethodInterceptor.java:107) ~[spring-data-commons-2.7.7.jar:2.7.7]
	at org.springframework.data.repository.core.support.QueryExecutorMethodInterceptor.lambda$mapMethodsToQuery$1(QueryExecutorMethodInterceptor.java:95) ~[spring-data-commons-2.7.7.jar:2.7.7]
	at java.base/java.util.stream.ReferencePipeline$3$1.accept(ReferencePipeline.java:197) ~[na:na]
	at java.base/java.util.Iterator.forEachRemaining(Iterator.java:133) ~[na:na]
	at java.base/java.util.Collections$UnmodifiableCollection$1.forEachRemaining(Collections.java:1061) ~[na:na]
	at java.base/java.util.Spliterators$IteratorSpliterator.forEachRemaining(Spliterators.java:1845) ~[na:na]
	at java.base/java.util.stream.AbstractPipeline.copyInto(AbstractPipeline.java:509) ~[na:na]
	at java.base/java.util.stream.AbstractPipeline.wrapAndCopyInto(AbstractPipeline.java:499) ~[na:na]
	at java.base/java.util.stream.ReduceOps$ReduceOp.evaluateSequential(ReduceOps.java:921) ~[na:na]
	at java.base/java.util.stream.AbstractPipeline.evaluate(AbstractPipeline.java:234) ~[na:na]
	at java.base/java.util.stream.ReferencePipeline.collect(ReferencePipeline.java:682) ~[na:na]
	at org.springframework.data.repository.core.support.QueryExecutorMethodInterceptor.mapMethodsToQuery(QueryExecutorMethodInterceptor.java:97) ~[spring-data-commons-2.7.7.jar:2.7.7]
	at org.springframework.data.repository.core.support.QueryExecutorMethodInterceptor.lambda$new$0(QueryExecutorMethodInterceptor.java:87) ~[spring-data-commons-2.7.7.jar:2.7.7]
	at java.base/java.util.Optional.map(Optional.java:260) ~[na:na]
	at org.springframework.data.repository.core.support.QueryExecutorMethodInterceptor.<init>(QueryExecutorMethodInterceptor.java:87) ~[spring-data-commons-2.7.7.jar:2.7.7]
	at org.springframework.data.repository.core.support.RepositoryFactorySupport.getRepository(RepositoryFactorySupport.java:365) ~[spring-data-commons-2.7.7.jar:2.7.7]
	at org.springframework.data.repository.core.support.RepositoryFactoryBeanSupport.lambda$afterPropertiesSet$5(RepositoryFactoryBeanSupport.java:323) ~[spring-data-commons-2.7.7.jar:2.7.7]
	at org.springframework.data.util.Lazy.getNullable(Lazy.java:231) ~[spring-data-commons-2.7.7.jar:2.7.7]
	at org.springframework.data.util.Lazy.get(Lazy.java:115) ~[spring-data-commons-2.7.7.jar:2.7.7]
	at org.springframework.data.repository.core.support.RepositoryFactoryBeanSupport.afterPropertiesSet(RepositoryFactoryBeanSupport.java:329) ~[spring-data-commons-2.7.7.jar:2.7.7]
	at org.springframework.data.jpa.repository.support.JpaRepositoryFactoryBean.afterPropertiesSet(JpaRepositoryFactoryBean.java:144) ~[spring-data-jpa-2.7.7.jar:2.7.7]
	at org.springframework.beans.factory.support.AbstractAutowireCapableBeanFactory.invokeInitMethods(AbstractAutowireCapableBeanFactory.java:1863) ~[spring-beans-5.3.25.jar:5.3.25]
	at org.springframework.beans.factory.support.AbstractAutowireCapableBeanFactory.initializeBean(AbstractAutowireCapableBeanFactory.java:1800) ~[spring-beans-5.3.25.jar:5.3.25]
	... 49 common frames omitted
Caused by: java.lang.IllegalArgumentException: Failed to create query for method public abstract java.util.List com.cg.onlineplantnursery.plant.repository.IPlantRepository.getAllPlantsByTypeOfPlants(java.lang.String)! No property 'typeOfPlants' found for type 'Plant'; Did you mean 'typeOfPlant'
	at org.springframework.data.jpa.repository.query.PartTreeJpaQuery.<init>(PartTreeJpaQuery.java:96) ~[spring-data-jpa-2.7.7.jar:2.7.7]
	at org.springframework.data.jpa.repository.query.JpaQueryLookupStrategy$CreateQueryLookupStrategy.resolveQuery(JpaQueryLookupStrategy.java:119) ~[spring-data-jpa-2.7.7.jar:2.7.7]
	at org.springframework.data.jpa.repository.query.JpaQueryLookupStrategy$CreateIfNotFoundQueryLookupStrategy.resolveQuery(JpaQueryLookupStrategy.java:259) ~[spring-data-jpa-2.7.7.jar:2.7.7]
	at org.springframework.data.jpa.repository.query.JpaQueryLookupStrategy$AbstractQueryLookupStrategy.resolveQuery(JpaQueryLookupStrategy.java:93) ~[spring-data-jpa-2.7.7.jar:2.7.7]
	at org.springframework.data.repository.core.support.QueryExecutorMethodInterceptor.lookupQuery(QueryExecutorMethodInterceptor.java:103) ~[spring-data-commons-2.7.7.jar:2.7.7]
	... 71 common frames omitted
Caused by: org.springframework.data.mapping.PropertyReferenceException: No property 'typeOfPlants' found for type 'Plant'; Did you mean 'typeOfPlant'
	at org.springframework.data.mapping.PropertyPath.<init>(PropertyPath.java:91) ~[spring-data-commons-2.7.7.jar:2.7.7]
	at org.springframework.data.mapping.PropertyPath.create(PropertyPath.java:438) ~[spring-data-commons-2.7.7.jar:2.7.7]
	at org.springframework.data.mapping.PropertyPath.create(PropertyPath.java:414) ~[spring-data-commons-2.7.7.jar:2.7.7]
	at org.springframework.data.mapping.PropertyPath.lambda$from$0(PropertyPath.java:367) ~[spring-data-commons-2.7.7.jar:2.7.7]
	at java.base/java.util.concurrent.ConcurrentMap.computeIfAbsent(ConcurrentMap.java:330) ~[na:na]
	at org.springframework.data.mapping.PropertyPath.from(PropertyPath.java:349) ~[spring-data-commons-2.7.7.jar:2.7.7]
	at org.springframework.data.mapping.PropertyPath.from(PropertyPath.java:332) ~[spring-data-commons-2.7.7.jar:2.7.7]
	at org.springframework.data.repository.query.parser.Part.<init>(Part.java:81) ~[spring-data-commons-2.7.7.jar:2.7.7]
	at org.springframework.data.repository.query.parser.PartTree$OrPart.lambda$new$0(PartTree.java:250) ~[spring-data-commons-2.7.7.jar:2.7.7]
	at java.base/java.util.stream.ReferencePipeline$3$1.accept(ReferencePipeline.java:197) ~[na:na]
	at java.base/java.util.stream.ReferencePipeline$2$1.accept(ReferencePipeline.java:179) ~[na:na]
	at java.base/java.util.Spliterators$ArraySpliterator.forEachRemaining(Spliterators.java:992) ~[na:na]
	at java.base/java.util.stream.AbstractPipeline.copyInto(AbstractPipeline.java:509) ~[na:na]
	at java.base/java.util.stream.AbstractPipeline.wrapAndCopyInto(AbstractPipeline.java:499) ~[na:na]
	at java.base/java.util.stream.ReduceOps$ReduceOp.evaluateSequential(ReduceOps.java:921) ~[na:na]
	at java.base/java.util.stream.AbstractPipeline.evaluate(AbstractPipeline.java:234) ~[na:na]
	at java.base/java.util.stream.ReferencePipeline.collect(ReferencePipeline.java:682) ~[na:na]
	at org.springframework.data.repository.query.parser.PartTree$OrPart.<init>(PartTree.java:251) ~[spring-data-commons-2.7.7.jar:2.7.7]
	at org.springframework.data.repository.query.parser.PartTree$Predicate.lambda$new$0(PartTree.java:384) ~[spring-data-commons-2.7.7.jar:2.7.7]
	at java.base/java.util.stream.ReferencePipeline$3$1.accept(ReferencePipeline.java:197) ~[na:na]
	at java.base/java.util.stream.ReferencePipeline$2$1.accept(ReferencePipeline.java:179) ~[na:na]
	at java.base/java.util.Spliterators$ArraySpliterator.forEachRemaining(Spliterators.java:992) ~[na:na]
	at java.base/java.util.stream.AbstractPipeline.copyInto(AbstractPipeline.java:509) ~[na:na]
	at java.base/java.util.stream.AbstractPipeline.wrapAndCopyInto(AbstractPipeline.java:499) ~[na:na]
	at java.base/java.util.stream.ReduceOps$ReduceOp.evaluateSequential(ReduceOps.java:921) ~[na:na]
	at java.base/java.util.stream.AbstractPipeline.evaluate(AbstractPipeline.java:234) ~[na:na]
	at java.base/java.util.stream.ReferencePipeline.collect(ReferencePipeline.java:682) ~[na:na]
	at org.springframework.data.repository.query.parser.PartTree$Predicate.<init>(PartTree.java:385) ~[spring-data-commons-2.7.7.jar:2.7.7]
	at org.springframework.data.repository.query.parser.PartTree.<init>(PartTree.java:96) ~[spring-data-commons-2.7.7.jar:2.7.7]
	at org.springframework.data.jpa.repository.query.PartTreeJpaQuery.<init>(PartTreeJpaQuery.java:89) ~[spring-data-jpa-2.7.7.jar:2.7.7]
	... 75 common frames omitted

2023-02-01 20:10:34.781  INFO 7260 --- [restartedMain] c.c.o.OnlinePlantApp2Application         : Starting OnlinePlantApp2Application using Java 17.0.5 on INLEN8520069525 with PID 7260 (C:\MySpringBootWork\OnlinePlantApp2\bin\main started by keejanga in C:\MySpringBootWork\OnlinePlantApp2)
2023-02-01 20:10:34.782  INFO 7260 --- [restartedMain] c.c.o.OnlinePlantApp2Application         : No active profile set, falling back to 1 default profile: "default"
2023-02-01 20:10:35.884  INFO 7260 --- [restartedMain] o.apache.catalina.core.StandardService   : Starting service [Tomcat]
2023-02-01 20:10:35.885  INFO 7260 --- [restartedMain] org.apache.catalina.core.StandardEngine  : Starting Servlet engine: [Apache Tomcat/9.0.71]
2023-02-01 20:10:35.946  INFO 7260 --- [restartedMain] o.a.c.c.C.[Tomcat].[localhost].[/]       : Initializing Spring embedded WebApplicationContext
2023-02-01 20:10:36.136  INFO 7260 --- [restartedMain] o.hibernate.jpa.internal.util.LogHelper  : HHH000204: Processing PersistenceUnitInfo [name: default]
2023-02-01 20:10:36.178  INFO 7260 --- [restartedMain] org.hibernate.Version                    : HHH000412: Hibernate ORM core version 5.6.14.Final
2023-02-01 20:10:36.317  INFO 7260 --- [restartedMain] o.hibernate.annotations.common.Version   : HCANN000001: Hibernate Commons Annotations {5.1.2.Final}
2023-02-01 20:10:36.399  INFO 7260 --- [restartedMain] com.zaxxer.hikari.HikariDataSource       : HikariPool-1 - Starting...
2023-02-01 20:10:36.662  INFO 7260 --- [restartedMain] com.zaxxer.hikari.HikariDataSource       : HikariPool-1 - Start completed.
2023-02-01 20:10:36.675  INFO 7260 --- [restartedMain] org.hibernate.dialect.Dialect            : HHH000400: Using dialect: org.hibernate.dialect.PostgreSQLDialect
2023-02-01 20:10:37.184  INFO 7260 --- [restartedMain] o.h.e.t.j.p.i.JtaPlatformInitiator       : HHH000490: Using JtaPlatform implementation: [org.hibernate.engine.transaction.jta.platform.internal.NoJtaPlatform]
2023-02-01 20:10:37.533  WARN 7260 --- [restartedMain] ConfigServletWebServerApplicationContext : Exception encountered during context initialization - cancelling refresh attempt: org.springframework.beans.factory.UnsatisfiedDependencyException: Error creating bean with name 'plantController': Unsatisfied dependency expressed through field 'plantService'; nested exception is org.springframework.beans.factory.UnsatisfiedDependencyException: Error creating bean with name 'plantServiceImpl': Unsatisfied dependency expressed through field 'plantRepo'; nested exception is org.springframework.beans.factory.BeanCreationException: Error creating bean with name 'IPlantRepository' defined in com.cg.onlineplantnursery.plant.repository.IPlantRepository defined in @EnableJpaRepositories declared on JpaRepositoriesRegistrar.EnableJpaRepositoriesConfiguration: Invocation of init method failed; nested exception is org.springframework.data.repository.query.QueryCreationException: Could not create query for public abstract java.util.List com.cg.onlineplantnursery.plant.repository.IPlantRepository.getAllPlantsByTypeOfPlants(java.lang.String); Reason: Failed to create query for method public abstract java.util.List com.cg.onlineplantnursery.plant.repository.IPlantRepository.getAllPlantsByTypeOfPlants(java.lang.String)! No property 'typeOfPlants' found for type 'Plant'; Did you mean 'typeOfPlant'; nested exception is java.lang.IllegalArgumentException: Failed to create query for method public abstract java.util.List com.cg.onlineplantnursery.plant.repository.IPlantRepository.getAllPlantsByTypeOfPlants(java.lang.String)! No property 'typeOfPlants' found for type 'Plant'; Did you mean 'typeOfPlant'
2023-02-01 20:10:37.536  INFO 7260 --- [restartedMain] com.zaxxer.hikari.HikariDataSource       : HikariPool-1 - Shutdown initiated...
2023-02-01 20:10:37.560  INFO 7260 --- [restartedMain] com.zaxxer.hikari.HikariDataSource       : HikariPool-1 - Shutdown completed.
2023-02-01 20:10:37.564  INFO 7260 --- [restartedMain] o.apache.catalina.core.StandardService   : Stopping service [Tomcat]
2023-02-01 20:10:37.595 ERROR 7260 --- [restartedMain] o.s.boot.SpringApplication               : Application run failed

org.springframework.beans.factory.UnsatisfiedDependencyException: Error creating bean with name 'plantController': Unsatisfied dependency expressed through field 'plantService'; nested exception is org.springframework.beans.factory.UnsatisfiedDependencyException: Error creating bean with name 'plantServiceImpl': Unsatisfied dependency expressed through field 'plantRepo'; nested exception is org.springframework.beans.factory.BeanCreationException: Error creating bean with name 'IPlantRepository' defined in com.cg.onlineplantnursery.plant.repository.IPlantRepository defined in @EnableJpaRepositories declared on JpaRepositoriesRegistrar.EnableJpaRepositoriesConfiguration: Invocation of init method failed; nested exception is org.springframework.data.repository.query.QueryCreationException: Could not create query for public abstract java.util.List com.cg.onlineplantnursery.plant.repository.IPlantRepository.getAllPlantsByTypeOfPlants(java.lang.String); Reason: Failed to create query for method public abstract java.util.List com.cg.onlineplantnursery.plant.repository.IPlantRepository.getAllPlantsByTypeOfPlants(java.lang.String)! No property 'typeOfPlants' found for type 'Plant'; Did you mean 'typeOfPlant'; nested exception is java.lang.IllegalArgumentException: Failed to create query for method public abstract java.util.List com.cg.onlineplantnursery.plant.repository.IPlantRepository.getAllPlantsByTypeOfPlants(java.lang.String)! No property 'typeOfPlants' found for type 'Plant'; Did you mean 'typeOfPlant'
	at org.springframework.beans.factory.annotation.AutowiredAnnotationBeanPostProcessor$AutowiredFieldElement.resolveFieldValue(AutowiredAnnotationBeanPostProcessor.java:660) ~[spring-beans-5.3.25.jar:5.3.25]
	at org.springframework.beans.factory.annotation.AutowiredAnnotationBeanPostProcessor$AutowiredFieldElement.inject(AutowiredAnnotationBeanPostProcessor.java:640) ~[spring-beans-5.3.25.jar:5.3.25]
	at org.springframework.beans.factory.annotation.InjectionMetadata.inject(InjectionMetadata.java:119) ~[spring-beans-5.3.25.jar:5.3.25]
	at org.springframework.beans.factory.annotation.AutowiredAnnotationBeanPostProcessor.postProcessProperties(AutowiredAnnotationBeanPostProcessor.java:399) ~[spring-beans-5.3.25.jar:5.3.25]
	at org.springframework.beans.factory.support.AbstractAutowireCapableBeanFactory.populateBean(AbstractAutowireCapableBeanFactory.java:1431) ~[spring-beans-5.3.25.jar:5.3.25]
	at org.springframework.beans.factory.support.AbstractAutowireCapableBeanFactory.doCreateBean(AbstractAutowireCapableBeanFactory.java:619) ~[spring-beans-5.3.25.jar:5.3.25]
	at org.springframework.beans.factory.support.AbstractAutowireCapableBeanFactory.createBean(AbstractAutowireCapableBeanFactory.java:542) ~[spring-beans-5.3.25.jar:5.3.25]
	at org.springframework.beans.factory.support.AbstractBeanFactory.lambda$doGetBean$0(AbstractBeanFactory.java:335) ~[spring-beans-5.3.25.jar:5.3.25]
	at org.springframework.beans.factory.support.DefaultSingletonBeanRegistry.getSingleton(DefaultSingletonBeanRegistry.java:234) ~[spring-beans-5.3.25.jar:5.3.25]
	at org.springframework.beans.factory.support.AbstractBeanFactory.doGetBean(AbstractBeanFactory.java:333) ~[spring-beans-5.3.25.jar:5.3.25]
	at org.springframework.beans.factory.support.AbstractBeanFactory.getBean(AbstractBeanFactory.java:208) ~[spring-beans-5.3.25.jar:5.3.25]
	at org.springframework.beans.factory.support.DefaultListableBeanFactory.preInstantiateSingletons(DefaultListableBeanFactory.java:955) ~[spring-beans-5.3.25.jar:5.3.25]
	at org.springframework.context.support.AbstractApplicationContext.finishBeanFactoryInitialization(AbstractApplicationContext.java:918) ~[spring-context-5.3.25.jar:5.3.25]
	at org.springframework.context.support.AbstractApplicationContext.refresh(AbstractApplicationContext.java:583) ~[spring-context-5.3.25.jar:5.3.25]
	at org.springframework.boot.web.servlet.context.ServletWebServerApplicationContext.refresh(ServletWebServerApplicationContext.java:147) ~[spring-boot-2.7.8.jar:2.7.8]
	at org.springframework.boot.SpringApplication.refresh(SpringApplication.java:731) ~[spring-boot-2.7.8.jar:2.7.8]
	at org.springframework.boot.SpringApplication.refreshContext(SpringApplication.java:408) ~[spring-boot-2.7.8.jar:2.7.8]
	at org.springframework.boot.SpringApplication.run(SpringApplication.java:307) ~[spring-boot-2.7.8.jar:2.7.8]
	at org.springframework.boot.SpringApplication.run(SpringApplication.java:1303) ~[spring-boot-2.7.8.jar:2.7.8]
	at org.springframework.boot.SpringApplication.run(SpringApplication.java:1292) ~[spring-boot-2.7.8.jar:2.7.8]
	at com.cg.onlineplantnursery.OnlinePlantApp2Application.main(OnlinePlantApp2Application.java:10) ~[main/:na]
	at java.base/jdk.internal.reflect.NativeMethodAccessorImpl.invoke0(Native Method) ~[na:na]
	at java.base/jdk.internal.reflect.NativeMethodAccessorImpl.invoke(NativeMethodAccessorImpl.java:77) ~[na:na]
	at java.base/jdk.internal.reflect.DelegatingMethodAccessorImpl.invoke(DelegatingMethodAccessorImpl.java:43) ~[na:na]
	at java.base/java.lang.reflect.Method.invoke(Method.java:568) ~[na:na]
	at org.springframework.boot.devtools.restart.RestartLauncher.run(RestartLauncher.java:49) ~[spring-boot-devtools-2.7.8.jar:2.7.8]
Caused by: org.springframework.beans.factory.UnsatisfiedDependencyException: Error creating bean with name 'plantServiceImpl': Unsatisfied dependency expressed through field 'plantRepo'; nested exception is org.springframework.beans.factory.BeanCreationException: Error creating bean with name 'IPlantRepository' defined in com.cg.onlineplantnursery.plant.repository.IPlantRepository defined in @EnableJpaRepositories declared on JpaRepositoriesRegistrar.EnableJpaRepositoriesConfiguration: Invocation of init method failed; nested exception is org.springframework.data.repository.query.QueryCreationException: Could not create query for public abstract java.util.List com.cg.onlineplantnursery.plant.repository.IPlantRepository.getAllPlantsByTypeOfPlants(java.lang.String); Reason: Failed to create query for method public abstract java.util.List com.cg.onlineplantnursery.plant.repository.IPlantRepository.getAllPlantsByTypeOfPlants(java.lang.String)! No property 'typeOfPlants' found for type 'Plant'; Did you mean 'typeOfPlant'; nested exception is java.lang.IllegalArgumentException: Failed to create query for method public abstract java.util.List com.cg.onlineplantnursery.plant.repository.IPlantRepository.getAllPlantsByTypeOfPlants(java.lang.String)! No property 'typeOfPlants' found for type 'Plant'; Did you mean 'typeOfPlant'
	at org.springframework.beans.factory.annotation.AutowiredAnnotationBeanPostProcessor$AutowiredFieldElement.resolveFieldValue(AutowiredAnnotationBeanPostProcessor.java:660) ~[spring-beans-5.3.25.jar:5.3.25]
	at org.springframework.beans.factory.annotation.AutowiredAnnotationBeanPostProcessor$AutowiredFieldElement.inject(AutowiredAnnotationBeanPostProcessor.java:640) ~[spring-beans-5.3.25.jar:5.3.25]
	at org.springframework.beans.factory.annotation.InjectionMetadata.inject(InjectionMetadata.java:119) ~[spring-beans-5.3.25.jar:5.3.25]
	at org.springframework.beans.factory.annotation.AutowiredAnnotationBeanPostProcessor.postProcessProperties(AutowiredAnnotationBeanPostProcessor.java:399) ~[spring-beans-5.3.25.jar:5.3.25]
	at org.springframework.beans.factory.support.AbstractAutowireCapableBeanFactory.populateBean(AbstractAutowireCapableBeanFactory.java:1431) ~[spring-beans-5.3.25.jar:5.3.25]
	at org.springframework.beans.factory.support.AbstractAutowireCapableBeanFactory.doCreateBean(AbstractAutowireCapableBeanFactory.java:619) ~[spring-beans-5.3.25.jar:5.3.25]
	at org.springframework.beans.factory.support.AbstractAutowireCapableBeanFactory.createBean(AbstractAutowireCapableBeanFactory.java:542) ~[spring-beans-5.3.25.jar:5.3.25]
	at org.springframework.beans.factory.support.AbstractBeanFactory.lambda$doGetBean$0(AbstractBeanFactory.java:335) ~[spring-beans-5.3.25.jar:5.3.25]
	at org.springframework.beans.factory.support.DefaultSingletonBeanRegistry.getSingleton(DefaultSingletonBeanRegistry.java:234) ~[spring-beans-5.3.25.jar:5.3.25]
	at org.springframework.beans.factory.support.AbstractBeanFactory.doGetBean(AbstractBeanFactory.java:333) ~[spring-beans-5.3.25.jar:5.3.25]
	at org.springframework.beans.factory.support.AbstractBeanFactory.getBean(AbstractBeanFactory.java:208) ~[spring-beans-5.3.25.jar:5.3.25]
	at org.springframework.beans.factory.config.DependencyDescriptor.resolveCandidate(DependencyDescriptor.java:276) ~[spring-beans-5.3.25.jar:5.3.25]
	at org.springframework.beans.factory.support.DefaultListableBeanFactory.doResolveDependency(DefaultListableBeanFactory.java:1391) ~[spring-beans-5.3.25.jar:5.3.25]
	at org.springframework.beans.factory.support.DefaultListableBeanFactory.resolveDependency(DefaultListableBeanFactory.java:1311) ~[spring-beans-5.3.25.jar:5.3.25]
	at org.springframework.beans.factory.annotation.AutowiredAnnotationBeanPostProcessor$AutowiredFieldElement.resolveFieldValue(AutowiredAnnotationBeanPostProcessor.java:657) ~[spring-beans-5.3.25.jar:5.3.25]
	... 25 common frames omitted
Caused by: org.springframework.beans.factory.BeanCreationException: Error creating bean with name 'IPlantRepository' defined in com.cg.onlineplantnursery.plant.repository.IPlantRepository defined in @EnableJpaRepositories declared on JpaRepositoriesRegistrar.EnableJpaRepositoriesConfiguration: Invocation of init method failed; nested exception is org.springframework.data.repository.query.QueryCreationException: Could not create query for public abstract java.util.List com.cg.onlineplantnursery.plant.repository.IPlantRepository.getAllPlantsByTypeOfPlants(java.lang.String); Reason: Failed to create query for method public abstract java.util.List com.cg.onlineplantnursery.plant.repository.IPlantRepository.getAllPlantsByTypeOfPlants(java.lang.String)! No property 'typeOfPlants' found for type 'Plant'; Did you mean 'typeOfPlant'; nested exception is java.lang.IllegalArgumentException: Failed to create query for method public abstract java.util.List com.cg.onlineplantnursery.plant.repository.IPlantRepository.getAllPlantsByTypeOfPlants(java.lang.String)! No property 'typeOfPlants' found for type 'Plant'; Did you mean 'typeOfPlant'
	at org.springframework.beans.factory.support.AbstractAutowireCapableBeanFactory.initializeBean(AbstractAutowireCapableBeanFactory.java:1804) ~[spring-beans-5.3.25.jar:5.3.25]
	at org.springframework.beans.factory.support.AbstractAutowireCapableBeanFactory.doCreateBean(AbstractAutowireCapableBeanFactory.java:620) ~[spring-beans-5.3.25.jar:5.3.25]
	at org.springframework.beans.factory.support.AbstractAutowireCapableBeanFactory.createBean(AbstractAutowireCapableBeanFactory.java:542) ~[spring-beans-5.3.25.jar:5.3.25]
	at org.springframework.beans.factory.support.AbstractBeanFactory.lambda$doGetBean$0(AbstractBeanFactory.java:335) ~[spring-beans-5.3.25.jar:5.3.25]
	at org.springframework.beans.factory.support.DefaultSingletonBeanRegistry.getSingleton(DefaultSingletonBeanRegistry.java:234) ~[spring-beans-5.3.25.jar:5.3.25]
	at org.springframework.beans.factory.support.AbstractBeanFactory.doGetBean(AbstractBeanFactory.java:333) ~[spring-beans-5.3.25.jar:5.3.25]
	at org.springframework.beans.factory.support.AbstractBeanFactory.getBean(AbstractBeanFactory.java:208) ~[spring-beans-5.3.25.jar:5.3.25]
	at org.springframework.beans.factory.config.DependencyDescriptor.resolveCandidate(DependencyDescriptor.java:276) ~[spring-beans-5.3.25.jar:5.3.25]
	at org.springframework.beans.factory.support.DefaultListableBeanFactory.doResolveDependency(DefaultListableBeanFactory.java:1391) ~[spring-beans-5.3.25.jar:5.3.25]
	at org.springframework.beans.factory.support.DefaultListableBeanFactory.resolveDependency(DefaultListableBeanFactory.java:1311) ~[spring-beans-5.3.25.jar:5.3.25]
	at org.springframework.beans.factory.annotation.AutowiredAnnotationBeanPostProcessor$AutowiredFieldElement.resolveFieldValue(AutowiredAnnotationBeanPostProcessor.java:657) ~[spring-beans-5.3.25.jar:5.3.25]
	... 39 common frames omitted
Caused by: org.springframework.data.repository.query.QueryCreationException: Could not create query for public abstract java.util.List com.cg.onlineplantnursery.plant.repository.IPlantRepository.getAllPlantsByTypeOfPlants(java.lang.String); Reason: Failed to create query for method public abstract java.util.List com.cg.onlineplantnursery.plant.repository.IPlantRepository.getAllPlantsByTypeOfPlants(java.lang.String)! No property 'typeOfPlants' found for type 'Plant'; Did you mean 'typeOfPlant'; nested exception is java.lang.IllegalArgumentException: Failed to create query for method public abstract java.util.List com.cg.onlineplantnursery.plant.repository.IPlantRepository.getAllPlantsByTypeOfPlants(java.lang.String)! No property 'typeOfPlants' found for type 'Plant'; Did you mean 'typeOfPlant'
	at org.springframework.data.repository.query.QueryCreationException.create(QueryCreationException.java:101) ~[spring-data-commons-2.7.7.jar:2.7.7]
	at org.springframework.data.repository.core.support.QueryExecutorMethodInterceptor.lookupQuery(QueryExecutorMethodInterceptor.java:107) ~[spring-data-commons-2.7.7.jar:2.7.7]
	at org.springframework.data.repository.core.support.QueryExecutorMethodInterceptor.lambda$mapMethodsToQuery$1(QueryExecutorMethodInterceptor.java:95) ~[spring-data-commons-2.7.7.jar:2.7.7]
	at java.base/java.util.stream.ReferencePipeline$3$1.accept(ReferencePipeline.java:197) ~[na:na]
	at java.base/java.util.Iterator.forEachRemaining(Iterator.java:133) ~[na:na]
	at java.base/java.util.Collections$UnmodifiableCollection$1.forEachRemaining(Collections.java:1061) ~[na:na]
	at java.base/java.util.Spliterators$IteratorSpliterator.forEachRemaining(Spliterators.java:1845) ~[na:na]
	at java.base/java.util.stream.AbstractPipeline.copyInto(AbstractPipeline.java:509) ~[na:na]
	at java.base/java.util.stream.AbstractPipeline.wrapAndCopyInto(AbstractPipeline.java:499) ~[na:na]
	at java.base/java.util.stream.ReduceOps$ReduceOp.evaluateSequential(ReduceOps.java:921) ~[na:na]
	at java.base/java.util.stream.AbstractPipeline.evaluate(AbstractPipeline.java:234) ~[na:na]
	at java.base/java.util.stream.ReferencePipeline.collect(ReferencePipeline.java:682) ~[na:na]
	at org.springframework.data.repository.core.support.QueryExecutorMethodInterceptor.mapMethodsToQuery(QueryExecutorMethodInterceptor.java:97) ~[spring-data-commons-2.7.7.jar:2.7.7]
	at org.springframework.data.repository.core.support.QueryExecutorMethodInterceptor.lambda$new$0(QueryExecutorMethodInterceptor.java:87) ~[spring-data-commons-2.7.7.jar:2.7.7]
	at java.base/java.util.Optional.map(Optional.java:260) ~[na:na]
	at org.springframework.data.repository.core.support.QueryExecutorMethodInterceptor.<init>(QueryExecutorMethodInterceptor.java:87) ~[spring-data-commons-2.7.7.jar:2.7.7]
	at org.springframework.data.repository.core.support.RepositoryFactorySupport.getRepository(RepositoryFactorySupport.java:365) ~[spring-data-commons-2.7.7.jar:2.7.7]
	at org.springframework.data.repository.core.support.RepositoryFactoryBeanSupport.lambda$afterPropertiesSet$5(RepositoryFactoryBeanSupport.java:323) ~[spring-data-commons-2.7.7.jar:2.7.7]
	at org.springframework.data.util.Lazy.getNullable(Lazy.java:231) ~[spring-data-commons-2.7.7.jar:2.7.7]
	at org.springframework.data.util.Lazy.get(Lazy.java:115) ~[spring-data-commons-2.7.7.jar:2.7.7]
	at org.springframework.data.repository.core.support.RepositoryFactoryBeanSupport.afterPropertiesSet(RepositoryFactoryBeanSupport.java:329) ~[spring-data-commons-2.7.7.jar:2.7.7]
	at org.springframework.data.jpa.repository.support.JpaRepositoryFactoryBean.afterPropertiesSet(JpaRepositoryFactoryBean.java:144) ~[spring-data-jpa-2.7.7.jar:2.7.7]
	at org.springframework.beans.factory.support.AbstractAutowireCapableBeanFactory.invokeInitMethods(AbstractAutowireCapableBeanFactory.java:1863) ~[spring-beans-5.3.25.jar:5.3.25]
	at org.springframework.beans.factory.support.AbstractAutowireCapableBeanFactory.initializeBean(AbstractAutowireCapableBeanFactory.java:1800) ~[spring-beans-5.3.25.jar:5.3.25]
	... 49 common frames omitted
Caused by: java.lang.IllegalArgumentException: Failed to create query for method public abstract java.util.List com.cg.onlineplantnursery.plant.repository.IPlantRepository.getAllPlantsByTypeOfPlants(java.lang.String)! No property 'typeOfPlants' found for type 'Plant'; Did you mean 'typeOfPlant'
	at org.springframework.data.jpa.repository.query.PartTreeJpaQuery.<init>(PartTreeJpaQuery.java:96) ~[spring-data-jpa-2.7.7.jar:2.7.7]
	at org.springframework.data.jpa.repository.query.JpaQueryLookupStrategy$CreateQueryLookupStrategy.resolveQuery(JpaQueryLookupStrategy.java:119) ~[spring-data-jpa-2.7.7.jar:2.7.7]
	at org.springframework.data.jpa.repository.query.JpaQueryLookupStrategy$CreateIfNotFoundQueryLookupStrategy.resolveQuery(JpaQueryLookupStrategy.java:259) ~[spring-data-jpa-2.7.7.jar:2.7.7]
	at org.springframework.data.jpa.repository.query.JpaQueryLookupStrategy$AbstractQueryLookupStrategy.resolveQuery(JpaQueryLookupStrategy.java:93) ~[spring-data-jpa-2.7.7.jar:2.7.7]
	at org.springframework.data.repository.core.support.QueryExecutorMethodInterceptor.lookupQuery(QueryExecutorMethodInterceptor.java:103) ~[spring-data-commons-2.7.7.jar:2.7.7]
	... 71 common frames omitted
Caused by: org.springframework.data.mapping.PropertyReferenceException: No property 'typeOfPlants' found for type 'Plant'; Did you mean 'typeOfPlant'
	at org.springframework.data.mapping.PropertyPath.<init>(PropertyPath.java:91) ~[spring-data-commons-2.7.7.jar:2.7.7]
	at org.springframework.data.mapping.PropertyPath.create(PropertyPath.java:438) ~[spring-data-commons-2.7.7.jar:2.7.7]
	at org.springframework.data.mapping.PropertyPath.create(PropertyPath.java:414) ~[spring-data-commons-2.7.7.jar:2.7.7]
	at org.springframework.data.mapping.PropertyPath.lambda$from$0(PropertyPath.java:367) ~[spring-data-commons-2.7.7.jar:2.7.7]
	at java.base/java.util.concurrent.ConcurrentMap.computeIfAbsent(ConcurrentMap.java:330) ~[na:na]
	at org.springframework.data.mapping.PropertyPath.from(PropertyPath.java:349) ~[spring-data-commons-2.7.7.jar:2.7.7]
	at org.springframework.data.mapping.PropertyPath.from(PropertyPath.java:332) ~[spring-data-commons-2.7.7.jar:2.7.7]
	at org.springframework.data.repository.query.parser.Part.<init>(Part.java:81) ~[spring-data-commons-2.7.7.jar:2.7.7]
	at org.springframework.data.repository.query.parser.PartTree$OrPart.lambda$new$0(PartTree.java:250) ~[spring-data-commons-2.7.7.jar:2.7.7]
	at java.base/java.util.stream.ReferencePipeline$3$1.accept(ReferencePipeline.java:197) ~[na:na]
	at java.base/java.util.stream.ReferencePipeline$2$1.accept(ReferencePipeline.java:179) ~[na:na]
	at java.base/java.util.Spliterators$ArraySpliterator.forEachRemaining(Spliterators.java:992) ~[na:na]
	at java.base/java.util.stream.AbstractPipeline.copyInto(AbstractPipeline.java:509) ~[na:na]
	at java.base/java.util.stream.AbstractPipeline.wrapAndCopyInto(AbstractPipeline.java:499) ~[na:na]
	at java.base/java.util.stream.ReduceOps$ReduceOp.evaluateSequential(ReduceOps.java:921) ~[na:na]
	at java.base/java.util.stream.AbstractPipeline.evaluate(AbstractPipeline.java:234) ~[na:na]
	at java.base/java.util.stream.ReferencePipeline.collect(ReferencePipeline.java:682) ~[na:na]
	at org.springframework.data.repository.query.parser.PartTree$OrPart.<init>(PartTree.java:251) ~[spring-data-commons-2.7.7.jar:2.7.7]
	at org.springframework.data.repository.query.parser.PartTree$Predicate.lambda$new$0(PartTree.java:384) ~[spring-data-commons-2.7.7.jar:2.7.7]
	at java.base/java.util.stream.ReferencePipeline$3$1.accept(ReferencePipeline.java:197) ~[na:na]
	at java.base/java.util.stream.ReferencePipeline$2$1.accept(ReferencePipeline.java:179) ~[na:na]
	at java.base/java.util.Spliterators$ArraySpliterator.forEachRemaining(Spliterators.java:992) ~[na:na]
	at java.base/java.util.stream.AbstractPipeline.copyInto(AbstractPipeline.java:509) ~[na:na]
	at java.base/java.util.stream.AbstractPipeline.wrapAndCopyInto(AbstractPipeline.java:499) ~[na:na]
	at java.base/java.util.stream.ReduceOps$ReduceOp.evaluateSequential(ReduceOps.java:921) ~[na:na]
	at java.base/java.util.stream.AbstractPipeline.evaluate(AbstractPipeline.java:234) ~[na:na]
	at java.base/java.util.stream.ReferencePipeline.collect(ReferencePipeline.java:682) ~[na:na]
	at org.springframework.data.repository.query.parser.PartTree$Predicate.<init>(PartTree.java:385) ~[spring-data-commons-2.7.7.jar:2.7.7]
	at org.springframework.data.repository.query.parser.PartTree.<init>(PartTree.java:96) ~[spring-data-commons-2.7.7.jar:2.7.7]
	at org.springframework.data.jpa.repository.query.PartTreeJpaQuery.<init>(PartTreeJpaQuery.java:89) ~[spring-data-jpa-2.7.7.jar:2.7.7]
	... 75 common frames omitted

2023-02-01 20:11:26.415  INFO 33192 --- [restartedMain] c.c.o.OnlinePlantApp2Application         : Starting OnlinePlantApp2Application using Java 17.0.5 on INLEN8520069525 with PID 33192 (C:\MySpringBootWork\OnlinePlantApp2\bin\main started by keejanga in C:\MySpringBootWork\OnlinePlantApp2)
2023-02-01 20:11:26.416  INFO 33192 --- [restartedMain] c.c.o.OnlinePlantApp2Application         : No active profile set, falling back to 1 default profile: "default"
2023-02-01 20:11:27.545  INFO 33192 --- [restartedMain] o.apache.catalina.core.StandardService   : Starting service [Tomcat]
2023-02-01 20:11:27.546  INFO 33192 --- [restartedMain] org.apache.catalina.core.StandardEngine  : Starting Servlet engine: [Apache Tomcat/9.0.71]
2023-02-01 20:11:27.605  INFO 33192 --- [restartedMain] o.a.c.c.C.[Tomcat].[localhost].[/]       : Initializing Spring embedded WebApplicationContext
2023-02-01 20:11:27.770  INFO 33192 --- [restartedMain] o.hibernate.jpa.internal.util.LogHelper  : HHH000204: Processing PersistenceUnitInfo [name: default]
2023-02-01 20:11:27.799  INFO 33192 --- [restartedMain] org.hibernate.Version                    : HHH000412: Hibernate ORM core version 5.6.14.Final
2023-02-01 20:11:27.923  INFO 33192 --- [restartedMain] o.hibernate.annotations.common.Version   : HCANN000001: Hibernate Commons Annotations {5.1.2.Final}
2023-02-01 20:11:27.995  INFO 33192 --- [restartedMain] com.zaxxer.hikari.HikariDataSource       : HikariPool-1 - Starting...
2023-02-01 20:11:28.237  INFO 33192 --- [restartedMain] com.zaxxer.hikari.HikariDataSource       : HikariPool-1 - Start completed.
2023-02-01 20:11:28.256  INFO 33192 --- [restartedMain] org.hibernate.dialect.Dialect            : HHH000400: Using dialect: org.hibernate.dialect.PostgreSQLDialect
2023-02-01 20:11:28.846  INFO 33192 --- [restartedMain] o.h.e.t.j.p.i.JtaPlatformInitiator       : HHH000490: Using JtaPlatform implementation: [org.hibernate.engine.transaction.jta.platform.internal.NoJtaPlatform]
2023-02-01 20:11:29.410  WARN 33192 --- [restartedMain] JpaBaseConfiguration$JpaWebConfiguration : spring.jpa.open-in-view is enabled by default. Therefore, database queries may be performed during view rendering. Explicitly configure spring.jpa.open-in-view to disable this warning
2023-02-01 20:11:29.927  INFO 33192 --- [restartedMain] c.c.o.OnlinePlantApp2Application         : Started OnlinePlantApp2Application in 3.82 seconds (JVM running for 4.242)
2023-02-01 20:11:59.825  INFO 33192 --- [Thread-5] o.apache.catalina.core.StandardService   : Stopping service [Tomcat]
2023-02-01 20:11:59.832  INFO 33192 --- [Thread-5] com.zaxxer.hikari.HikariDataSource       : HikariPool-1 - Shutdown initiated...
2023-02-01 20:11:59.836  INFO 33192 --- [Thread-5] com.zaxxer.hikari.HikariDataSource       : HikariPool-1 - Shutdown completed.
2023-02-01 20:11:59.906  INFO 33192 --- [restartedMain] c.c.o.OnlinePlantApp2Application         : Starting OnlinePlantApp2Application using Java 17.0.5 on INLEN8520069525 with PID 33192 (C:\MySpringBootWork\OnlinePlantApp2\bin\main started by keejanga in C:\MySpringBootWork\OnlinePlantApp2)
2023-02-01 20:11:59.906  INFO 33192 --- [restartedMain] c.c.o.OnlinePlantApp2Application         : No active profile set, falling back to 1 default profile: "default"
2023-02-01 20:12:00.247  INFO 33192 --- [restartedMain] o.apache.catalina.core.StandardService   : Starting service [Tomcat]
2023-02-01 20:12:00.248  INFO 33192 --- [restartedMain] org.apache.catalina.core.StandardEngine  : Starting Servlet engine: [Apache Tomcat/9.0.71]
2023-02-01 20:12:00.274  INFO 33192 --- [restartedMain] o.a.c.c.C.[Tomcat].[localhost].[/]       : Initializing Spring embedded WebApplicationContext
2023-02-01 20:12:00.312  INFO 33192 --- [restartedMain] o.hibernate.jpa.internal.util.LogHelper  : HHH000204: Processing PersistenceUnitInfo [name: default]
2023-02-01 20:12:00.317  INFO 33192 --- [restartedMain] com.zaxxer.hikari.HikariDataSource       : HikariPool-2 - Starting...
2023-02-01 20:12:00.455  INFO 33192 --- [restartedMain] com.zaxxer.hikari.HikariDataSource       : HikariPool-2 - Start completed.
2023-02-01 20:12:00.456  INFO 33192 --- [restartedMain] org.hibernate.dialect.Dialect            : HHH000400: Using dialect: org.hibernate.dialect.PostgreSQLDialect
2023-02-01 20:12:00.530  INFO 33192 --- [restartedMain] o.h.e.t.j.p.i.JtaPlatformInitiator       : HHH000490: Using JtaPlatform implementation: [org.hibernate.engine.transaction.jta.platform.internal.NoJtaPlatform]
2023-02-01 20:12:00.607  WARN 33192 --- [restartedMain] JpaBaseConfiguration$JpaWebConfiguration : spring.jpa.open-in-view is enabled by default. Therefore, database queries may be performed during view rendering. Explicitly configure spring.jpa.open-in-view to disable this warning
2023-02-01 20:12:00.700  INFO 33192 --- [restartedMain] c.c.o.OnlinePlantApp2Application         : Started OnlinePlantApp2Application in 0.821 seconds (JVM running for 35.015)
2023-02-01 20:12:29.680  INFO 33192 --- [Thread-7] o.apache.catalina.core.StandardService   : Stopping service [Tomcat]
2023-02-01 20:12:29.683  INFO 33192 --- [Thread-7] com.zaxxer.hikari.HikariDataSource       : HikariPool-2 - Shutdown initiated...
2023-02-01 20:12:29.688  INFO 33192 --- [Thread-7] com.zaxxer.hikari.HikariDataSource       : HikariPool-2 - Shutdown completed.
2023-02-01 20:12:29.750  INFO 33192 --- [restartedMain] c.c.o.OnlinePlantApp2Application         : Starting OnlinePlantApp2Application using Java 17.0.5 on INLEN8520069525 with PID 33192 (C:\MySpringBootWork\OnlinePlantApp2\bin\main started by keejanga in C:\MySpringBootWork\OnlinePlantApp2)
2023-02-01 20:12:29.750  INFO 33192 --- [restartedMain] c.c.o.OnlinePlantApp2Application         : No active profile set, falling back to 1 default profile: "default"
2023-02-01 20:12:29.960  INFO 33192 --- [restartedMain] o.apache.catalina.core.StandardService   : Starting service [Tomcat]
2023-02-01 20:12:29.961  INFO 33192 --- [restartedMain] org.apache.catalina.core.StandardEngine  : Starting Servlet engine: [Apache Tomcat/9.0.71]
2023-02-01 20:12:29.989  INFO 33192 --- [restartedMain] o.a.c.c.C.[Tomcat].[localhost].[/]       : Initializing Spring embedded WebApplicationContext
2023-02-01 20:12:30.037  INFO 33192 --- [restartedMain] o.hibernate.jpa.internal.util.LogHelper  : HHH000204: Processing PersistenceUnitInfo [name: default]
2023-02-01 20:12:30.045  INFO 33192 --- [restartedMain] com.zaxxer.hikari.HikariDataSource       : HikariPool-3 - Starting...
2023-02-01 20:12:30.192  INFO 33192 --- [restartedMain] com.zaxxer.hikari.HikariDataSource       : HikariPool-3 - Start completed.
2023-02-01 20:12:30.193  INFO 33192 --- [restartedMain] org.hibernate.dialect.Dialect            : HHH000400: Using dialect: org.hibernate.dialect.PostgreSQLDialect
2023-02-01 20:12:30.255  INFO 33192 --- [restartedMain] o.h.e.t.j.p.i.JtaPlatformInitiator       : HHH000490: Using JtaPlatform implementation: [org.hibernate.engine.transaction.jta.platform.internal.NoJtaPlatform]
2023-02-01 20:12:30.336  WARN 33192 --- [restartedMain] JpaBaseConfiguration$JpaWebConfiguration : spring.jpa.open-in-view is enabled by default. Therefore, database queries may be performed during view rendering. Explicitly configure spring.jpa.open-in-view to disable this warning
2023-02-01 20:12:30.460  INFO 33192 --- [restartedMain] c.c.o.OnlinePlantApp2Application         : Started OnlinePlantApp2Application in 0.731 seconds (JVM running for 64.775)
2023-02-01 20:17:47.460  INFO 33192 --- [Thread-11] o.apache.catalina.core.StandardService   : Stopping service [Tomcat]
2023-02-01 20:17:47.464  INFO 33192 --- [Thread-11] com.zaxxer.hikari.HikariDataSource       : HikariPool-3 - Shutdown initiated...
2023-02-01 20:17:47.468  INFO 33192 --- [Thread-11] com.zaxxer.hikari.HikariDataSource       : HikariPool-3 - Shutdown completed.
2023-02-01 20:17:47.528  INFO 33192 --- [restartedMain] c.c.o.OnlinePlantApp2Application         : Starting OnlinePlantApp2Application using Java 17.0.5 on INLEN8520069525 with PID 33192 (C:\MySpringBootWork\OnlinePlantApp2\bin\main started by keejanga in C:\MySpringBootWork\OnlinePlantApp2)
2023-02-01 20:17:47.529  INFO 33192 --- [restartedMain] c.c.o.OnlinePlantApp2Application         : No active profile set, falling back to 1 default profile: "default"
2023-02-01 20:17:47.704  INFO 33192 --- [restartedMain] o.apache.catalina.core.StandardService   : Starting service [Tomcat]
2023-02-01 20:17:47.704  INFO 33192 --- [restartedMain] org.apache.catalina.core.StandardEngine  : Starting Servlet engine: [Apache Tomcat/9.0.71]
2023-02-01 20:17:47.718  INFO 33192 --- [restartedMain] o.a.c.c.C.[Tomcat].[localhost].[/]       : Initializing Spring embedded WebApplicationContext
2023-02-01 20:17:47.741  INFO 33192 --- [restartedMain] o.hibernate.jpa.internal.util.LogHelper  : HHH000204: Processing PersistenceUnitInfo [name: default]
2023-02-01 20:17:47.744  INFO 33192 --- [restartedMain] com.zaxxer.hikari.HikariDataSource       : HikariPool-4 - Starting...
2023-02-01 20:17:47.854  INFO 33192 --- [restartedMain] com.zaxxer.hikari.HikariDataSource       : HikariPool-4 - Start completed.
2023-02-01 20:17:47.854  INFO 33192 --- [restartedMain] org.hibernate.dialect.Dialect            : HHH000400: Using dialect: org.hibernate.dialect.PostgreSQLDialect
2023-02-01 20:17:47.905  INFO 33192 --- [restartedMain] o.h.e.t.j.p.i.JtaPlatformInitiator       : HHH000490: Using JtaPlatform implementation: [org.hibernate.engine.transaction.jta.platform.internal.NoJtaPlatform]
2023-02-01 20:17:47.953  WARN 33192 --- [restartedMain] JpaBaseConfiguration$JpaWebConfiguration : spring.jpa.open-in-view is enabled by default. Therefore, database queries may be performed during view rendering. Explicitly configure spring.jpa.open-in-view to disable this warning
2023-02-01 20:17:48.023  INFO 33192 --- [restartedMain] c.c.o.OnlinePlantApp2Application         : Started OnlinePlantApp2Application in 0.518 seconds (JVM running for 382.339)
2023-02-01 20:17:59.246  INFO 20284 --- [restartedMain] c.c.o.OnlinePlantApp2Application         : Starting OnlinePlantApp2Application using Java 17.0.5 on INLEN8520069525 with PID 20284 (C:\MySpringBootWork\OnlinePlantApp2\bin\main started by keejanga in C:\MySpringBootWork\OnlinePlantApp2)
2023-02-01 20:17:59.247  INFO 20284 --- [restartedMain] c.c.o.OnlinePlantApp2Application         : No active profile set, falling back to 1 default profile: "default"
2023-02-01 20:18:00.402  INFO 20284 --- [restartedMain] o.apache.catalina.core.StandardService   : Starting service [Tomcat]
2023-02-01 20:18:00.402  INFO 20284 --- [restartedMain] org.apache.catalina.core.StandardEngine  : Starting Servlet engine: [Apache Tomcat/9.0.71]
2023-02-01 20:18:00.464  INFO 20284 --- [restartedMain] o.a.c.c.C.[Tomcat].[localhost].[/]       : Initializing Spring embedded WebApplicationContext
2023-02-01 20:18:00.619  INFO 20284 --- [restartedMain] o.hibernate.jpa.internal.util.LogHelper  : HHH000204: Processing PersistenceUnitInfo [name: default]
2023-02-01 20:18:00.650  INFO 20284 --- [restartedMain] org.hibernate.Version                    : HHH000412: Hibernate ORM core version 5.6.14.Final
2023-02-01 20:18:00.768  INFO 20284 --- [restartedMain] o.hibernate.annotations.common.Version   : HCANN000001: Hibernate Commons Annotations {5.1.2.Final}
2023-02-01 20:18:00.840  INFO 20284 --- [restartedMain] com.zaxxer.hikari.HikariDataSource       : HikariPool-1 - Starting...
2023-02-01 20:18:01.072  INFO 20284 --- [restartedMain] com.zaxxer.hikari.HikariDataSource       : HikariPool-1 - Start completed.
2023-02-01 20:18:01.084  INFO 20284 --- [restartedMain] org.hibernate.dialect.Dialect            : HHH000400: Using dialect: org.hibernate.dialect.PostgreSQLDialect
2023-02-01 20:18:01.569  INFO 20284 --- [restartedMain] o.h.e.t.j.p.i.JtaPlatformInitiator       : HHH000490: Using JtaPlatform implementation: [org.hibernate.engine.transaction.jta.platform.internal.NoJtaPlatform]
2023-02-01 20:18:01.878  WARN 20284 --- [restartedMain] JpaBaseConfiguration$JpaWebConfiguration : spring.jpa.open-in-view is enabled by default. Therefore, database queries may be performed during view rendering. Explicitly configure spring.jpa.open-in-view to disable this warning
2023-02-01 20:18:02.264  INFO 20284 --- [restartedMain] c.c.o.OnlinePlantApp2Application         : Started OnlinePlantApp2Application in 3.352 seconds (JVM running for 3.758)
2023-02-01 20:18:46.557  INFO 20284 --- [Thread-5] o.apache.catalina.core.StandardService   : Stopping service [Tomcat]
2023-02-01 20:18:46.565  INFO 20284 --- [Thread-5] com.zaxxer.hikari.HikariDataSource       : HikariPool-1 - Shutdown initiated...
2023-02-01 20:18:46.572  INFO 20284 --- [Thread-5] com.zaxxer.hikari.HikariDataSource       : HikariPool-1 - Shutdown completed.
2023-02-01 20:18:46.628  INFO 20284 --- [restartedMain] c.c.o.OnlinePlantApp2Application         : Starting OnlinePlantApp2Application using Java 17.0.5 on INLEN8520069525 with PID 20284 (C:\MySpringBootWork\OnlinePlantApp2\bin\main started by keejanga in C:\MySpringBootWork\OnlinePlantApp2)
2023-02-01 20:18:46.628  INFO 20284 --- [restartedMain] c.c.o.OnlinePlantApp2Application         : No active profile set, falling back to 1 default profile: "default"
2023-02-01 20:18:46.902  INFO 20284 --- [restartedMain] o.apache.catalina.core.StandardService   : Starting service [Tomcat]
2023-02-01 20:18:46.903  INFO 20284 --- [restartedMain] org.apache.catalina.core.StandardEngine  : Starting Servlet engine: [Apache Tomcat/9.0.71]
2023-02-01 20:18:46.922  INFO 20284 --- [restartedMain] o.a.c.c.C.[Tomcat].[localhost].[/]       : Initializing Spring embedded WebApplicationContext
2023-02-01 20:18:46.960  INFO 20284 --- [restartedMain] o.hibernate.jpa.internal.util.LogHelper  : HHH000204: Processing PersistenceUnitInfo [name: default]
2023-02-01 20:18:46.964  INFO 20284 --- [restartedMain] com.zaxxer.hikari.HikariDataSource       : HikariPool-2 - Starting...
2023-02-01 20:18:47.077  INFO 20284 --- [restartedMain] com.zaxxer.hikari.HikariDataSource       : HikariPool-2 - Start completed.
2023-02-01 20:18:47.078  INFO 20284 --- [restartedMain] org.hibernate.dialect.Dialect            : HHH000400: Using dialect: org.hibernate.dialect.PostgreSQLDialect
2023-02-01 20:18:47.137  INFO 20284 --- [restartedMain] o.h.e.t.j.p.i.JtaPlatformInitiator       : HHH000490: Using JtaPlatform implementation: [org.hibernate.engine.transaction.jta.platform.internal.NoJtaPlatform]
2023-02-01 20:18:47.200  WARN 20284 --- [restartedMain] JpaBaseConfiguration$JpaWebConfiguration : spring.jpa.open-in-view is enabled by default. Therefore, database queries may be performed during view rendering. Explicitly configure spring.jpa.open-in-view to disable this warning
2023-02-01 20:18:47.291  INFO 20284 --- [restartedMain] c.c.o.OnlinePlantApp2Application         : Started OnlinePlantApp2Application in 0.684 seconds (JVM running for 48.786)
2023-02-01 20:36:54.597  INFO 20284 --- [http-nio-2002-exec-1] o.a.c.c.C.[Tomcat].[localhost].[/]       : Initializing Spring DispatcherServlet 'dispatcherServlet'
2023-02-01 20:40:26.626  WARN 20284 --- [http-nio-2002-exec-7] .w.s.m.s.DefaultHandlerExceptionResolver : Resolved [org.springframework.web.HttpRequestMethodNotSupportedException: Request method 'POST' not supported]
2023-02-01 20:40:53.487  WARN 20284 --- [http-nio-2002-exec-10] .w.s.m.s.DefaultHandlerExceptionResolver : Resolved [org.springframework.web.HttpRequestMethodNotSupportedException: Request method 'POST' not supported]
2023-02-01 20:42:05.222  WARN 20284 --- [http-nio-2002-exec-9] .w.s.m.s.DefaultHandlerExceptionResolver : Resolved [org.springframework.web.HttpRequestMethodNotSupportedException: Request method 'PUT' not supported]
2023-02-01 20:44:34.817  WARN 20284 --- [http-nio-2002-exec-6] .w.s.m.s.DefaultHandlerExceptionResolver : Resolved [org.springframework.web.bind.MissingPathVariableException: Required URI template variable 'Name' for method parameter type String is not present]
2023-02-01 20:44:59.524  WARN 20284 --- [http-nio-2002-exec-4] .w.s.m.s.DefaultHandlerExceptionResolver : Resolved [org.springframework.web.bind.MissingPathVariableException: Required URI template variable 'Name' for method parameter type String is not present]
2023-02-01 20:45:17.767  WARN 20284 --- [http-nio-2002-exec-5] .w.s.m.s.DefaultHandlerExceptionResolver : Resolved [org.springframework.web.bind.MissingPathVariableException: Required URI template variable 'Name' for method parameter type String is not present]
2023-02-01 22:13:05.152  WARN 20284 --- [HikariPool-2 housekeeper] com.zaxxer.hikari.pool.HikariPool        : HikariPool-2 - Thread starvation or clock leap detected (housekeeper delta=1h20m45s572ms644s400ns).
2023-02-01 22:47:31.469  WARN 20284 --- [HikariPool-2 housekeeper] com.zaxxer.hikari.pool.HikariPool        : HikariPool-2 - Thread starvation or clock leap detected (housekeeper delta=13m26s39ms756s800ns).
